0 verbose cli /home/ec2-user/.nvm/versions/node/v16.20.2/bin/node /home/ec2-user/.nvm/versions/node/v16.20.2/bin/npm
1 info using npm@9.8.1
2 info using node@v16.20.2
3 timing npm:load:whichnode Completed in 17ms
4 timing config:load:defaults Completed in 3ms
5 timing config:load:file:/home/ec2-user/.nvm/versions/node/v16.20.2/lib/node_modules/npm/npmrc Completed in 7ms
6 timing config:load:builtin Completed in 7ms
7 timing config:load:cli Completed in 2ms
8 timing config:load:env Completed in 1ms
9 timing config:load:file:/home/ec2-user/environment/cms/.npmrc Completed in 0ms
10 timing config:load:project Completed in 4ms
11 timing config:load:file:/home/ec2-user/.npmrc Completed in 0ms
12 timing config:load:user Completed in 0ms
13 timing config:load:file:/home/ec2-user/.nvm/versions/node/v16.20.2/etc/npmrc Completed in 1ms
14 timing config:load:global Completed in 1ms
15 timing config:load:setEnvs Completed in 1ms
16 timing config:load Completed in 19ms
17 timing npm:load:configload Completed in 19ms
18 timing config:load:flatten Completed in 4ms
19 timing npm:load:mkdirpcache Completed in 0ms
20 timing npm:load:mkdirplogs Completed in 0ms
21 verbose title npm install
22 verbose argv "install"
23 timing npm:load:setTitle Completed in 1ms
24 timing npm:load:display Completed in 1ms
25 verbose logfile logs-max:10 dir:/home/ec2-user/.npm/_logs/2023-09-28T13_42_36_563Z-
26 verbose logfile /home/ec2-user/.npm/_logs/2023-09-28T13_42_36_563Z-debug-0.log
27 timing npm:load:logFile Completed in 17ms
28 timing npm:load:timers Completed in 0ms
29 timing npm:load:configScope Completed in 0ms
30 timing npm:load Completed in 85ms
31 timing arborist:ctor Completed in 2ms
32 silly logfile done cleaning log files
33 timing arborist:ctor Completed in 0ms
34 timing idealTree:init Completed in 19ms
35 timing idealTree:userRequests Completed in 0ms
36 silly idealTree buildDeps
37 silly fetch manifest @tailwindcss/forms@^0.5.2
38 http fetch GET 200 https://registry.npmjs.org/npm 191ms (cache revalidated)
39 http fetch GET 200 https://registry.npmjs.org/@tailwindcss%2fforms 220ms (cache miss)
40 silly fetch manifest tailwindcss@^3.1.0
41 http fetch GET 200 https://registry.npmjs.org/tailwindcss 146ms (cache miss)
42 silly fetch manifest alpinejs@^3.4.2
43 http fetch GET 200 https://registry.npmjs.org/alpinejs 55ms (cache miss)
44 silly fetch manifest autoprefixer@^10.4.2
45 http fetch GET 200 https://registry.npmjs.org/autoprefixer 31ms (cache miss)
46 silly fetch manifest postcss@^8.4.6
47 http fetch GET 200 https://registry.npmjs.org/postcss 42ms (cache miss)
48 silly fetch manifest axios@^1.1.2
49 http fetch GET 200 https://registry.npmjs.org/axios 35ms (cache miss)
50 silly fetch manifest laravel-vite-plugin@^0.7.2
51 http fetch GET 200 https://registry.npmjs.org/laravel-vite-plugin 30ms (cache miss)
52 silly fetch manifest vite@^4.0.0
53 http fetch GET 200 https://registry.npmjs.org/vite 54ms (cache miss)
54 silly fetch manifest @types/node@>= 14
55 http fetch GET 200 https://registry.npmjs.org/@types%2fnode 93ms (cache miss)
56 silly fetch manifest less@*
57 http fetch GET 200 https://registry.npmjs.org/less 33ms (cache miss)
58 silly fetch manifest lightningcss@^1.21.0
59 http fetch GET 200 https://registry.npmjs.org/lightningcss 68ms (cache miss)
60 silly fetch manifest sass@*
61 http fetch GET 200 https://registry.npmjs.org/sass 30ms (cache miss)
62 silly fetch manifest stylus@*
63 http fetch GET 200 https://registry.npmjs.org/stylus 28ms (cache miss)
64 silly fetch manifest sugarss@*
65 http fetch GET 200 https://registry.npmjs.org/sugarss 24ms (cache miss)
66 silly fetch manifest terser@^5.4.0
67 http fetch GET 200 https://registry.npmjs.org/terser 31ms (cache miss)
68 silly fetch manifest lodash@^4.17.19
69 http fetch GET 200 https://registry.npmjs.org/lodash 27ms (cache miss)
70 silly placeDep ROOT @tailwindcss/forms@0.5.6 OK for:  want: ^0.5.2
71 silly placeDep ROOT tailwindcss@3.3.3 OK for: @tailwindcss/forms@0.5.6 want: >=3.0.0 || >= 3.0.0-alpha.1
72 silly fetch manifest mini-svg-data-uri@^1.2.3
73 silly fetch manifest @alloc/quick-lru@^5.2.0
74 silly fetch manifest arg@^5.0.2
75 silly fetch manifest chokidar@^3.5.3
76 silly fetch manifest didyoumean@^1.2.2
77 silly fetch manifest dlv@^1.1.3
78 silly fetch manifest fast-glob@^3.2.12
79 silly fetch manifest glob-parent@^6.0.2
80 silly fetch manifest is-glob@^4.0.3
81 silly fetch manifest jiti@^1.18.2
82 silly fetch manifest lilconfig@^2.1.0
83 silly fetch manifest micromatch@^4.0.5
84 silly fetch manifest normalize-path@^3.0.0
85 silly fetch manifest object-hash@^3.0.0
86 silly fetch manifest picocolors@^1.0.0
87 silly fetch manifest postcss@^8.4.23
88 silly fetch manifest postcss-import@^15.1.0
89 silly fetch manifest postcss-js@^4.0.1
90 silly fetch manifest postcss-load-config@^4.0.1
91 silly fetch manifest postcss-nested@^6.0.1
92 silly fetch manifest postcss-selector-parser@^6.0.11
93 silly fetch manifest resolve@^1.22.2
94 silly fetch manifest sucrase@^3.32.0
95 silly placeDep ROOT alpinejs@3.13.0 OK for:  want: ^3.4.2
96 silly fetch manifest @vue/reactivity@~3.1.1
97 silly placeDep ROOT autoprefixer@10.4.16 OK for:  want: ^10.4.2
98 silly placeDep ROOT postcss@8.4.30 OK for: autoprefixer@10.4.16 want: ^8.1.0
99 silly fetch manifest browserslist@^4.21.10
100 silly fetch manifest caniuse-lite@^1.0.30001538
101 silly fetch manifest fraction.js@^4.3.6
102 silly fetch manifest normalize-range@^0.1.2
103 silly fetch manifest postcss-value-parser@^4.2.0
104 silly fetch manifest nanoid@^3.3.6
105 silly fetch manifest source-map-js@^1.0.2
106 silly placeDep ROOT axios@1.5.1 OK for:  want: ^1.1.2
107 silly fetch manifest follow-redirects@^1.15.0
108 silly fetch manifest form-data@^4.0.0
109 silly fetch manifest proxy-from-env@^1.1.0
110 silly placeDep ROOT laravel-vite-plugin@0.7.8 OK for:  want: ^0.7.2
111 silly placeDep ROOT vite@4.4.9 OK for: laravel-vite-plugin@0.7.8 want: ^3.0.0 || ^4.0.0
112 silly fetch manifest vite-plugin-full-reload@^1.0.5
113 silly fetch manifest esbuild@^0.18.10
114 silly fetch manifest rollup@^3.27.1
115 silly fetch manifest fsevents@~2.3.2
116 silly placeDep ROOT lodash@4.17.21 OK for:  want: ^4.17.19
117 http fetch GET 200 https://registry.npmjs.org/mini-svg-data-uri 453ms (cache miss)
118 http fetch GET 200 https://registry.npmjs.org/fsevents 412ms (cache revalidated)
119 http fetch GET 200 https://registry.npmjs.org/normalize-range 497ms (cache miss)
120 http fetch GET 200 https://registry.npmjs.org/@alloc%2fquick-lru 560ms (cache miss)
121 http fetch GET 200 https://registry.npmjs.org/postcss-load-config 525ms (cache miss)
122 http fetch GET 200 https://registry.npmjs.org/postcss-js 535ms (cache miss)
123 http fetch GET 200 https://registry.npmjs.org/didyoumean 565ms (cache miss)
124 http fetch GET 200 https://registry.npmjs.org/dlv 565ms (cache miss)
125 http fetch GET 200 https://registry.npmjs.org/picocolors 544ms (cache miss)
126 http fetch GET 200 https://registry.npmjs.org/normalize-path 558ms (cache miss)
127 http fetch GET 200 https://registry.npmjs.org/proxy-from-env 501ms (cache miss)
128 http fetch GET 200 https://registry.npmjs.org/source-map-js 512ms (cache miss)
129 http fetch GET 200 https://registry.npmjs.org/is-glob 569ms (cache miss)
130 http fetch GET 200 https://registry.npmjs.org/postcss-value-parser 523ms (cache miss)
131 http fetch GET 200 https://registry.npmjs.org/glob-parent 576ms (cache miss)
132 http fetch GET 200 https://registry.npmjs.org/arg 588ms (cache miss)
133 http fetch GET 200 https://registry.npmjs.org/fraction.js 534ms (cache miss)
134 http fetch GET 200 https://registry.npmjs.org/lilconfig 580ms (cache miss)
135 http fetch GET 200 https://registry.npmjs.org/form-data 525ms (cache miss)
136 http fetch GET 200 https://registry.npmjs.org/postcss-selector-parser 561ms (cache miss)
137 http fetch GET 200 https://registry.npmjs.org/vite-plugin-full-reload 522ms (cache miss)
138 http fetch GET 200 https://registry.npmjs.org/nanoid 550ms (cache miss)
139 http fetch GET 200 https://registry.npmjs.org/postcss-nested 581ms (cache miss)
140 http fetch GET 200 https://registry.npmjs.org/object-hash 609ms (cache miss)
141 http fetch GET 200 https://registry.npmjs.org/postcss-import 599ms (cache miss)
142 http fetch GET 200 https://registry.npmjs.org/resolve 592ms (cache miss)
143 http fetch GET 200 https://registry.npmjs.org/follow-redirects 565ms (cache miss)
144 http fetch GET 200 https://registry.npmjs.org/browserslist 583ms (cache miss)
145 http fetch GET 200 https://registry.npmjs.org/micromatch 626ms (cache miss)
146 http fetch GET 200 https://registry.npmjs.org/fast-glob 635ms (cache miss)
147 http fetch GET 200 https://registry.npmjs.org/chokidar 648ms (cache miss)
148 http fetch GET 200 https://registry.npmjs.org/sucrase 617ms (cache miss)
149 http fetch GET 200 https://registry.npmjs.org/@vue%2freactivity 613ms (cache miss)
150 http fetch GET 200 https://registry.npmjs.org/jiti 656ms (cache miss)
151 http fetch GET 200 https://registry.npmjs.org/caniuse-lite 615ms (cache miss)
152 http fetch GET 200 https://registry.npmjs.org/esbuild 602ms (cache miss)
153 http fetch GET 200 https://registry.npmjs.org/rollup 630ms (cache miss)
154 timing idealTree:#root Completed in 1860ms
155 silly placeDep ROOT mini-svg-data-uri@1.4.4 OK for: @tailwindcss/forms@0.5.6 want: ^1.2.3
156 timing idealTree:node_modules/@tailwindcss/forms Completed in 2ms
157 silly placeDep ROOT @vue/reactivity@3.1.5 OK for: alpinejs@3.13.0 want: ~3.1.1
158 silly fetch manifest @vue/shared@3.1.5
159 http fetch GET 200 https://registry.npmjs.org/@vue%2fshared 66ms (cache miss)
160 timing idealTree:node_modules/alpinejs Completed in 70ms
161 silly placeDep ROOT @vue/shared@3.1.5 OK for: @vue/reactivity@3.1.5 want: 3.1.5
162 timing idealTree:node_modules/@vue/reactivity Completed in 2ms
163 timing idealTree:node_modules/@vue/shared Completed in 0ms
164 silly placeDep ROOT browserslist@4.22.0 OK for: autoprefixer@10.4.16 want: ^4.21.10
165 silly fetch manifest caniuse-lite@^1.0.30001539
166 silly fetch manifest electron-to-chromium@^1.4.530
167 silly fetch manifest node-releases@^2.0.13
168 silly fetch manifest update-browserslist-db@^1.0.13
169 silly placeDep ROOT caniuse-lite@1.0.30001541 OK for: autoprefixer@10.4.16 want: ^1.0.30001538
170 silly placeDep ROOT fraction.js@4.3.6 OK for: autoprefixer@10.4.16 want: ^4.3.6
171 silly placeDep ROOT normalize-range@0.1.2 OK for: autoprefixer@10.4.16 want: ^0.1.2
172 silly placeDep ROOT picocolors@1.0.0 OK for: autoprefixer@10.4.16 want: ^1.0.0
173 silly placeDep ROOT postcss-value-parser@4.2.0 OK for: autoprefixer@10.4.16 want: ^4.2.0
174 http fetch GET 200 https://registry.npmjs.org/node-releases 130ms (cache miss)
175 http fetch GET 200 https://registry.npmjs.org/update-browserslist-db 130ms (cache miss)
176 http fetch GET 200 https://registry.npmjs.org/electron-to-chromium 165ms (cache miss)
177 timing idealTree:node_modules/autoprefixer Completed in 193ms
178 silly placeDep ROOT follow-redirects@1.15.3 OK for: axios@1.5.1 want: ^1.15.0
179 silly placeDep ROOT form-data@4.0.0 OK for: axios@1.5.1 want: ^4.0.0
180 silly fetch manifest asynckit@^0.4.0
181 silly fetch manifest combined-stream@^1.0.8
182 silly fetch manifest mime-types@^2.1.12
183 silly placeDep ROOT proxy-from-env@1.1.0 OK for: axios@1.5.1 want: ^1.1.0
184 http fetch GET 200 https://registry.npmjs.org/mime-types 33ms (cache miss)
185 http fetch GET 200 https://registry.npmjs.org/asynckit 40ms (cache miss)
186 http fetch GET 200 https://registry.npmjs.org/combined-stream 51ms (cache miss)
187 timing idealTree:node_modules/axios Completed in 68ms
188 silly fetch manifest browserslist@>= 4.21.0
189 silly placeDep ROOT electron-to-chromium@1.4.532 OK for: browserslist@4.22.0 want: ^1.4.530
190 silly placeDep ROOT node-releases@2.0.13 OK for: browserslist@4.22.0 want: ^2.0.13
191 silly placeDep ROOT update-browserslist-db@1.0.13 OK for: browserslist@4.22.0 want: ^1.0.13
192 silly fetch manifest escalade@^3.1.1
193 http fetch GET 200 https://registry.npmjs.org/escalade 25ms (cache miss)
194 timing idealTree:node_modules/browserslist Completed in 41ms
195 timing idealTree:node_modules/caniuse-lite Completed in 0ms
196 timing idealTree:node_modules/electron-to-chromium Completed in 0ms
197 timing idealTree:node_modules/follow-redirects Completed in 0ms
198 silly placeDep ROOT asynckit@0.4.0 OK for: form-data@4.0.0 want: ^0.4.0
199 silly placeDep ROOT combined-stream@1.0.8 OK for: form-data@4.0.0 want: ^1.0.8
200 silly fetch manifest delayed-stream@~1.0.0
201 silly placeDep ROOT mime-types@2.1.35 OK for: form-data@4.0.0 want: ^2.1.12
202 silly fetch manifest mime-db@1.52.0
203 http fetch GET 200 https://registry.npmjs.org/delayed-stream 38ms (cache miss)
204 http fetch GET 200 https://registry.npmjs.org/mime-db 39ms (cache miss)
205 timing idealTree:node_modules/form-data Completed in 47ms
206 timing idealTree:node_modules/asynckit Completed in 0ms
207 silly placeDep ROOT delayed-stream@1.0.0 OK for: combined-stream@1.0.8 want: ~1.0.0
208 timing idealTree:node_modules/combined-stream Completed in 2ms
209 timing idealTree:node_modules/delayed-stream Completed in 0ms
210 timing idealTree:node_modules/fraction.js Completed in 0ms
211 silly fetch manifest vite@^3.0.0 || ^4.0.0
212 silly fetch manifest postcss@^8.3.3
213 silly placeDep ROOT vite-plugin-full-reload@1.0.5 OK for: laravel-vite-plugin@0.7.8 want: ^1.0.5
214 silly fetch manifest picomatch@^2.3.1
215 http fetch GET 200 https://registry.npmjs.org/picomatch 27ms (cache miss)
216 timing idealTree:node_modules/laravel-vite-plugin Completed in 37ms
217 timing idealTree:node_modules/lodash Completed in 0ms
218 silly placeDep ROOT mime-db@1.52.0 OK for: mime-types@2.1.35 want: 1.52.0
219 timing idealTree:node_modules/mime-types Completed in 2ms
220 timing idealTree:node_modules/mime-db Completed in 0ms
221 timing idealTree:node_modules/mini-svg-data-uri Completed in 0ms
222 timing idealTree:node_modules/node-releases Completed in 0ms
223 timing idealTree:node_modules/normalize-range Completed in 0ms
224 timing idealTree:node_modules/picocolors Completed in 0ms
225 silly placeDep ROOT nanoid@3.3.6 OK for: postcss@8.4.30 want: ^3.3.6
226 silly placeDep ROOT source-map-js@1.0.2 OK for: postcss@8.4.30 want: ^1.0.2
227 timing idealTree:node_modules/postcss Completed in 3ms
228 timing idealTree:node_modules/nanoid Completed in 0ms
229 timing idealTree:node_modules/postcss-value-parser Completed in 0ms
230 timing idealTree:node_modules/proxy-from-env Completed in 0ms
231 timing idealTree:node_modules/source-map-js Completed in 0ms
232 silly fetch manifest ts-node@>=9.0.0
233 http fetch GET 200 https://registry.npmjs.org/ts-node 52ms (cache miss)
234 silly fetch manifest @swc/core@>=1.2.50
235 http fetch GET 200 https://registry.npmjs.org/@swc%2fcore 83ms (cache miss)
236 silly fetch manifest @swc/helpers@^0.5.0
237 http fetch GET 200 https://registry.npmjs.org/@swc%2fhelpers 103ms (cache miss)
238 silly fetch manifest @swc/wasm@>=1.2.50
239 http fetch GET 200 https://registry.npmjs.org/@swc%2fwasm 84ms (cache miss)
240 silly fetch manifest @types/node@*
241 silly fetch manifest typescript@>=2.7
242 http fetch GET 200 https://registry.npmjs.org/typescript 286ms (cache updated)
243 silly placeDep ROOT @alloc/quick-lru@5.2.0 OK for: tailwindcss@3.3.3 want: ^5.2.0
244 silly placeDep ROOT arg@5.0.2 OK for: tailwindcss@3.3.3 want: ^5.0.2
245 silly placeDep ROOT chokidar@3.5.3 OK for: tailwindcss@3.3.3 want: ^3.5.3
246 silly fetch manifest anymatch@~3.1.2
247 silly fetch manifest braces@~3.0.2
248 silly fetch manifest glob-parent@~5.1.2
249 silly fetch manifest is-binary-path@~2.1.0
250 silly fetch manifest is-glob@~4.0.1
251 silly fetch manifest normalize-path@~3.0.0
252 silly fetch manifest readdirp@~3.6.0
253 silly placeDep ROOT didyoumean@1.2.2 OK for: tailwindcss@3.3.3 want: ^1.2.2
254 silly placeDep ROOT dlv@1.1.3 OK for: tailwindcss@3.3.3 want: ^1.1.3
255 silly placeDep ROOT fast-glob@3.3.1 OK for: tailwindcss@3.3.3 want: ^3.2.12
256 silly fetch manifest @nodelib/fs.stat@^2.0.2
257 silly fetch manifest @nodelib/fs.walk@^1.2.3
258 silly fetch manifest glob-parent@^5.1.2
259 silly fetch manifest merge2@^1.3.0
260 silly fetch manifest micromatch@^4.0.4
261 silly placeDep ROOT glob-parent@6.0.2 OK for: tailwindcss@3.3.3 want: ^6.0.2
262 silly placeDep ROOT is-glob@4.0.3 OK for: tailwindcss@3.3.3 want: ^4.0.3
263 silly fetch manifest is-extglob@^2.1.1
264 silly placeDep ROOT jiti@1.20.0 OK for: tailwindcss@3.3.3 want: ^1.18.2
265 silly placeDep ROOT lilconfig@2.1.0 OK for: tailwindcss@3.3.3 want: ^2.1.0
266 silly placeDep ROOT micromatch@4.0.5 OK for: tailwindcss@3.3.3 want: ^4.0.5
267 silly fetch manifest braces@^3.0.2
268 silly placeDep ROOT normalize-path@3.0.0 OK for: tailwindcss@3.3.3 want: ^3.0.0
269 silly placeDep ROOT object-hash@3.0.0 OK for: tailwindcss@3.3.3 want: ^3.0.0
270 silly placeDep ROOT postcss-import@15.1.0 OK for: tailwindcss@3.3.3 want: ^15.1.0
271 silly fetch manifest read-cache@^1.0.0
272 silly fetch manifest resolve@^1.1.7
273 silly placeDep ROOT postcss-js@4.0.1 OK for: tailwindcss@3.3.3 want: ^4.0.1
274 silly fetch manifest camelcase-css@^2.0.1
275 silly placeDep ROOT postcss-load-config@4.0.1 OK for: tailwindcss@3.3.3 want: ^4.0.1
276 silly fetch manifest yaml@^2.1.1
277 silly placeDep ROOT postcss-nested@6.0.1 OK for: tailwindcss@3.3.3 want: ^6.0.1
278 silly placeDep ROOT postcss-selector-parser@6.0.13 OK for: tailwindcss@3.3.3 want: ^6.0.11
279 silly fetch manifest cssesc@^3.0.0
280 silly fetch manifest util-deprecate@^1.0.2
281 silly placeDep ROOT resolve@1.22.6 OK for: tailwindcss@3.3.3 want: ^1.22.2
282 silly fetch manifest is-core-module@^2.13.0
283 silly fetch manifest path-parse@^1.0.7
284 silly fetch manifest supports-preserve-symlinks-flag@^1.0.0
285 silly placeDep ROOT sucrase@3.34.0 OK for: tailwindcss@3.3.3 want: ^3.32.0
286 silly fetch manifest @jridgewell/gen-mapping@^0.3.2
287 silly fetch manifest commander@^4.0.0
288 silly fetch manifest glob@7.1.6
289 silly fetch manifest lines-and-columns@^1.1.6
290 silly fetch manifest mz@^2.7.0
291 silly fetch manifest pirates@^4.0.1
292 silly fetch manifest ts-interface-checker@^0.1.9
293 http fetch GET 200 https://registry.npmjs.org/anymatch 316ms (cache miss)
294 http fetch GET 200 https://registry.npmjs.org/is-extglob 251ms (cache miss)
295 http fetch GET 200 https://registry.npmjs.org/is-binary-path 317ms (cache miss)
296 http fetch GET 200 https://registry.npmjs.org/merge2 304ms (cache miss)
297 http fetch GET 200 https://registry.npmjs.org/camelcase-css 165ms (cache miss)
298 http fetch GET 200 https://registry.npmjs.org/util-deprecate 157ms (cache miss)
299 http fetch GET 200 https://registry.npmjs.org/@nodelib%2ffs.walk 310ms (cache miss)
300 http fetch GET 200 https://registry.npmjs.org/read-cache 193ms (cache miss)
301 http fetch GET 200 https://registry.npmjs.org/path-parse 171ms (cache miss)
302 http fetch GET 200 https://registry.npmjs.org/cssesc 179ms (cache miss)
303 http fetch GET 200 https://registry.npmjs.org/mz 165ms (cache miss)
304 http fetch GET 200 https://registry.npmjs.org/is-core-module 179ms (cache miss)
305 http fetch GET 200 https://registry.npmjs.org/braces 348ms (cache miss)
306 http fetch GET 200 https://registry.npmjs.org/supports-preserve-symlinks-flag 180ms (cache miss)
307 http fetch GET 200 https://registry.npmjs.org/@jridgewell%2fgen-mapping 180ms (cache miss)
308 http fetch GET 200 https://registry.npmjs.org/pirates 174ms (cache miss)
309 http fetch GET 200 https://registry.npmjs.org/ts-interface-checker 175ms (cache miss)
310 http fetch GET 200 https://registry.npmjs.org/braces 262ms (cache miss)
311 http fetch GET 200 https://registry.npmjs.org/readdirp 357ms (cache miss)
312 http fetch GET 200 https://registry.npmjs.org/lines-and-columns 186ms (cache miss)
313 http fetch GET 200 https://registry.npmjs.org/commander 194ms (cache revalidated)
314 http fetch GET 200 https://registry.npmjs.org/@nodelib%2ffs.stat 361ms (cache miss)
315 http fetch GET 200 https://registry.npmjs.org/glob 201ms (cache updated)
316 http fetch GET 200 https://registry.npmjs.org/yaml 220ms (cache miss)
317 timing idealTree:node_modules/tailwindcss Completed in 1115ms
318 timing idealTree:node_modules/@alloc/quick-lru Completed in 0ms
319 timing idealTree:node_modules/arg Completed in 0ms
320 silly placeDep ROOT anymatch@3.1.3 OK for: chokidar@3.5.3 want: ~3.1.2
321 silly fetch manifest picomatch@^2.0.4
322 silly placeDep ROOT braces@3.0.2 OK for: chokidar@3.5.3 want: ~3.0.2
323 silly fetch manifest fill-range@^7.0.1
324 silly placeDep ROOT fsevents@2.3.3 OK for: chokidar@3.5.3 want: ~2.3.2
325 silly placeDep node_modules/chokidar glob-parent@5.1.2 OK for: chokidar@3.5.3 want: ~5.1.2
326 silly placeDep ROOT is-binary-path@2.1.0 OK for: chokidar@3.5.3 want: ~2.1.0
327 silly fetch manifest binary-extensions@^2.0.0
328 silly placeDep ROOT readdirp@3.6.0 OK for: chokidar@3.5.3 want: ~3.6.0
329 silly fetch manifest picomatch@^2.2.1
330 http fetch GET 200 https://registry.npmjs.org/fill-range 47ms (cache miss)
331 http fetch GET 200 https://registry.npmjs.org/binary-extensions 32ms (cache miss)
332 timing idealTree:node_modules/chokidar Completed in 63ms
333 silly placeDep ROOT picomatch@2.3.1 OK for: anymatch@3.1.3 want: ^2.0.4
334 timing idealTree:node_modules/anymatch Completed in 3ms
335 silly placeDep ROOT fill-range@7.0.1 OK for: braces@3.0.2 want: ^7.0.1
336 silly fetch manifest to-regex-range@^5.0.1
337 http fetch GET 200 https://registry.npmjs.org/to-regex-range 41ms (cache miss)
338 timing idealTree:node_modules/braces Completed in 43ms
339 timing idealTree:node_modules/didyoumean Completed in 0ms
340 timing idealTree:node_modules/dlv Completed in 1ms
341 silly placeDep ROOT @nodelib/fs.stat@2.0.5 OK for: fast-glob@3.3.1 want: ^2.0.2
342 silly placeDep ROOT @nodelib/fs.walk@1.2.8 OK for: fast-glob@3.3.1 want: ^1.2.3
343 silly fetch manifest @nodelib/fs.scandir@2.1.5
344 silly fetch manifest fastq@^1.6.0
345 silly placeDep node_modules/fast-glob glob-parent@5.1.2 OK for: fast-glob@3.3.1 want: ^5.1.2
346 silly placeDep ROOT merge2@1.4.1 OK for: fast-glob@3.3.1 want: ^1.3.0
347 http fetch GET 200 https://registry.npmjs.org/fastq 29ms (cache miss)
348 http fetch GET 200 https://registry.npmjs.org/@nodelib%2ffs.scandir 53ms (cache miss)
349 timing idealTree:node_modules/fast-glob Completed in 64ms
350 timing idealTree:node_modules/@nodelib/fs.stat Completed in 0ms
351 silly placeDep ROOT @nodelib/fs.scandir@2.1.5 OK for: @nodelib/fs.walk@1.2.8 want: 2.1.5
352 silly fetch manifest run-parallel@^1.1.9
353 silly placeDep ROOT fastq@1.15.0 OK for: @nodelib/fs.walk@1.2.8 want: ^1.6.0
354 silly fetch manifest reusify@^1.0.4
355 http fetch GET 200 https://registry.npmjs.org/run-parallel 34ms (cache miss)
356 http fetch GET 200 https://registry.npmjs.org/reusify 42ms (cache miss)
357 timing idealTree:node_modules/@nodelib/fs.walk Completed in 53ms
358 silly placeDep ROOT run-parallel@1.2.0 OK for: @nodelib/fs.scandir@2.1.5 want: ^1.1.9
359 silly fetch manifest queue-microtask@^1.2.2
360 http fetch GET 200 https://registry.npmjs.org/queue-microtask 33ms (cache miss)
361 timing idealTree:node_modules/@nodelib/fs.scandir Completed in 35ms
362 silly placeDep ROOT reusify@1.0.4 OK for: fastq@1.15.0 want: ^1.0.4
363 timing idealTree:node_modules/fastq Completed in 3ms
364 silly placeDep ROOT to-regex-range@5.0.1 OK for: fill-range@7.0.1 want: ^5.0.1
365 silly fetch manifest is-number@^7.0.0
366 http fetch GET 200 https://registry.npmjs.org/is-number 27ms (cache miss)
367 timing idealTree:node_modules/fill-range Completed in 30ms
368 timing idealTree:node_modules/fsevents Completed in 0ms
369 timing idealTree:node_modules/glob-parent Completed in 0ms
370 silly placeDep ROOT binary-extensions@2.2.0 OK for: is-binary-path@2.1.0 want: ^2.0.0
371 timing idealTree:node_modules/is-binary-path Completed in 1ms
372 timing idealTree:node_modules/binary-extensions Completed in 1ms
373 silly placeDep ROOT is-extglob@2.1.1 OK for: is-glob@4.0.3 want: ^2.1.1
374 timing idealTree:node_modules/is-glob Completed in 1ms
375 timing idealTree:node_modules/is-extglob Completed in 0ms
376 timing idealTree:node_modules/jiti Completed in 0ms
377 timing idealTree:node_modules/lilconfig Completed in 0ms
378 timing idealTree:node_modules/merge2 Completed in 0ms
379 timing idealTree:node_modules/micromatch Completed in 0ms
380 timing idealTree:node_modules/normalize-path Completed in 0ms
381 timing idealTree:node_modules/object-hash Completed in 0ms
382 timing idealTree:node_modules/picomatch Completed in 0ms
383 silly placeDep ROOT read-cache@1.0.0 OK for: postcss-import@15.1.0 want: ^1.0.0
384 silly fetch manifest pify@^2.3.0
385 http fetch GET 200 https://registry.npmjs.org/pify 22ms (cache miss)
386 timing idealTree:node_modules/postcss-import Completed in 32ms
387 silly placeDep ROOT camelcase-css@2.0.1 OK for: postcss-js@4.0.1 want: ^2.0.1
388 timing idealTree:node_modules/postcss-js Completed in 1ms
389 timing idealTree:node_modules/camelcase-css Completed in 0ms
390 silly placeDep ROOT yaml@2.3.2 OK for: postcss-load-config@4.0.1 want: ^2.1.1
391 timing idealTree:node_modules/postcss-load-config Completed in 1ms
392 timing idealTree:node_modules/postcss-nested Completed in 0ms
393 silly placeDep ROOT cssesc@3.0.0 OK for: postcss-selector-parser@6.0.13 want: ^3.0.0
394 silly placeDep ROOT util-deprecate@1.0.2 OK for: postcss-selector-parser@6.0.13 want: ^1.0.2
395 timing idealTree:node_modules/postcss-selector-parser Completed in 3ms
396 timing idealTree:node_modules/cssesc Completed in 0ms
397 silly placeDep ROOT pify@2.3.0 OK for: read-cache@1.0.0 want: ^2.3.0
398 timing idealTree:node_modules/read-cache Completed in 1ms
399 timing idealTree:node_modules/pify Completed in 0ms
400 timing idealTree:node_modules/readdirp Completed in 0ms
401 silly placeDep ROOT is-core-module@2.13.0 OK for: resolve@1.22.6 want: ^2.13.0
402 silly fetch manifest has@^1.0.3
403 silly placeDep ROOT path-parse@1.0.7 OK for: resolve@1.22.6 want: ^1.0.7
404 silly placeDep ROOT supports-preserve-symlinks-flag@1.0.0 OK for: resolve@1.22.6 want: ^1.0.0
405 http fetch GET 200 https://registry.npmjs.org/has 30ms (cache miss)
406 timing idealTree:node_modules/resolve Completed in 33ms
407 silly placeDep ROOT has@1.0.3 OK for: is-core-module@2.13.0 want: ^1.0.3
408 silly fetch manifest function-bind@^1.1.1
409 http fetch GET 200 https://registry.npmjs.org/function-bind 24ms (cache miss)
410 timing idealTree:node_modules/is-core-module Completed in 34ms
411 silly placeDep ROOT function-bind@1.1.1 OK for: has@1.0.3 want: ^1.1.1
412 timing idealTree:node_modules/has Completed in 1ms
413 timing idealTree:node_modules/function-bind Completed in 0ms
414 timing idealTree:node_modules/path-parse Completed in 0ms
415 timing idealTree:node_modules/reusify Completed in 0ms
416 silly placeDep ROOT queue-microtask@1.2.3 OK for: run-parallel@1.2.0 want: ^1.2.2
417 timing idealTree:node_modules/run-parallel Completed in 1ms
418 timing idealTree:node_modules/queue-microtask Completed in 0ms
419 silly placeDep ROOT @jridgewell/gen-mapping@0.3.3 OK for: sucrase@3.34.0 want: ^0.3.2
420 silly fetch manifest @jridgewell/set-array@^1.0.1
421 silly fetch manifest @jridgewell/sourcemap-codec@^1.4.10
422 silly fetch manifest @jridgewell/trace-mapping@^0.3.9
423 silly placeDep ROOT commander@4.1.1 OK for: sucrase@3.34.0 want: ^4.0.0
424 silly placeDep ROOT glob@7.1.6 OK for: sucrase@3.34.0 want: 7.1.6
425 silly fetch manifest fs.realpath@^1.0.0
426 silly fetch manifest inflight@^1.0.4
427 silly fetch manifest inherits@2
428 silly fetch manifest minimatch@^3.0.4
429 silly fetch manifest once@^1.3.0
430 silly fetch manifest path-is-absolute@^1.0.0
431 silly placeDep ROOT lines-and-columns@1.2.4 OK for: sucrase@3.34.0 want: ^1.1.6
432 silly placeDep ROOT mz@2.7.0 OK for: sucrase@3.34.0 want: ^2.7.0
433 silly fetch manifest any-promise@^1.0.0
434 silly fetch manifest object-assign@^4.0.1
435 silly fetch manifest thenify-all@^1.0.0
436 silly placeDep ROOT pirates@4.0.6 OK for: sucrase@3.34.0 want: ^4.0.1
437 silly placeDep ROOT ts-interface-checker@0.1.13 OK for: sucrase@3.34.0 want: ^0.1.9
438 http fetch GET 200 https://registry.npmjs.org/path-is-absolute 165ms (cache miss)
439 http fetch GET 200 https://registry.npmjs.org/@jridgewell%2fsourcemap-codec 177ms (cache miss)
440 http fetch GET 200 https://registry.npmjs.org/thenify-all 159ms (cache miss)
441 http fetch GET 200 https://registry.npmjs.org/any-promise 166ms (cache miss)
442 http fetch GET 200 https://registry.npmjs.org/object-assign 161ms (cache miss)
443 http fetch GET 200 https://registry.npmjs.org/@jridgewell%2fset-array 186ms (cache miss)
444 http fetch GET 200 https://registry.npmjs.org/@jridgewell%2ftrace-mapping 180ms (cache miss)
445 http fetch GET 200 https://registry.npmjs.org/fs.realpath 195ms (cache revalidated)
446 http fetch GET 200 https://registry.npmjs.org/inflight 194ms (cache revalidated)
447 http fetch GET 200 https://registry.npmjs.org/minimatch 195ms (cache revalidated)
448 http fetch GET 200 https://registry.npmjs.org/once 201ms (cache revalidated)
449 http fetch GET 200 https://registry.npmjs.org/inherits 206ms (cache revalidated)
450 timing idealTree:node_modules/sucrase Completed in 223ms
451 silly placeDep ROOT @jridgewell/set-array@1.1.2 OK for: @jridgewell/gen-mapping@0.3.3 want: ^1.0.1
452 silly placeDep ROOT @jridgewell/sourcemap-codec@1.4.15 OK for: @jridgewell/gen-mapping@0.3.3 want: ^1.4.10
453 silly placeDep ROOT @jridgewell/trace-mapping@0.3.19 OK for: @jridgewell/gen-mapping@0.3.3 want: ^0.3.9
454 silly fetch manifest @jridgewell/resolve-uri@^3.1.0
455 http fetch GET 200 https://registry.npmjs.org/@jridgewell%2fresolve-uri 56ms (cache miss)
456 timing idealTree:node_modules/@jridgewell/gen-mapping Completed in 62ms
457 timing idealTree:node_modules/@jridgewell/set-array Completed in 0ms
458 timing idealTree:node_modules/@jridgewell/sourcemap-codec Completed in 0ms
459 silly placeDep ROOT @jridgewell/resolve-uri@3.1.1 OK for: @jridgewell/trace-mapping@0.3.19 want: ^3.1.0
460 timing idealTree:node_modules/@jridgewell/trace-mapping Completed in 1ms
461 timing idealTree:node_modules/@jridgewell/resolve-uri Completed in 0ms
462 timing idealTree:node_modules/commander Completed in 0ms
463 silly placeDep ROOT fs.realpath@1.0.0 OK for: glob@7.1.6 want: ^1.0.0
464 silly placeDep ROOT inflight@1.0.6 OK for: glob@7.1.6 want: ^1.0.4
465 silly fetch manifest wrappy@1
466 silly placeDep ROOT inherits@2.0.4 OK for: glob@7.1.6 want: 2
467 silly placeDep ROOT minimatch@3.1.2 OK for: glob@7.1.6 want: ^3.0.4
468 silly fetch manifest brace-expansion@^1.1.7
469 silly placeDep ROOT once@1.4.0 OK for: glob@7.1.6 want: ^1.3.0
470 silly placeDep ROOT path-is-absolute@1.0.1 OK for: glob@7.1.6 want: ^1.0.0
471 http fetch GET 200 https://registry.npmjs.org/brace-expansion 38ms (cache revalidated)
472 http fetch GET 200 https://registry.npmjs.org/wrappy 64ms (cache revalidated)
473 timing idealTree:node_modules/glob Completed in 71ms
474 timing idealTree:node_modules/fs.realpath Completed in 0ms
475 silly placeDep ROOT wrappy@1.0.2 OK for: inflight@1.0.6 want: 1
476 timing idealTree:node_modules/inflight Completed in 2ms
477 timing idealTree:node_modules/inherits Completed in 0ms
478 timing idealTree:node_modules/lines-and-columns Completed in 0ms
479 silly placeDep ROOT brace-expansion@1.1.11 OK for: minimatch@3.1.2 want: ^1.1.7
480 silly fetch manifest balanced-match@^1.0.0
481 silly fetch manifest concat-map@0.0.1
482 http fetch GET 200 https://registry.npmjs.org/concat-map 21ms (cache miss)
483 http fetch GET 200 https://registry.npmjs.org/balanced-match 30ms (cache revalidated)
484 timing idealTree:node_modules/minimatch Completed in 33ms
485 silly placeDep ROOT balanced-match@1.0.2 OK for: brace-expansion@1.1.11 want: ^1.0.0
486 silly placeDep ROOT concat-map@0.0.1 OK for: brace-expansion@1.1.11 want: 0.0.1
487 timing idealTree:node_modules/brace-expansion Completed in 6ms
488 timing idealTree:node_modules/balanced-match Completed in 0ms
489 timing idealTree:node_modules/concat-map Completed in 0ms
490 silly placeDep ROOT any-promise@1.3.0 OK for: mz@2.7.0 want: ^1.0.0
491 silly placeDep ROOT object-assign@4.1.1 OK for: mz@2.7.0 want: ^4.0.1
492 silly placeDep ROOT thenify-all@1.6.0 OK for: mz@2.7.0 want: ^1.0.0
493 silly fetch manifest thenify@>= 3.1.0 < 4
494 http fetch GET 200 https://registry.npmjs.org/thenify 33ms (cache miss)
495 timing idealTree:node_modules/mz Completed in 39ms
496 timing idealTree:node_modules/any-promise Completed in 0ms
497 timing idealTree:node_modules/object-assign Completed in 0ms
498 timing idealTree:node_modules/once Completed in 0ms
499 timing idealTree:node_modules/path-is-absolute Completed in 0ms
500 timing idealTree:node_modules/pirates Completed in 0ms
501 timing idealTree:node_modules/supports-preserve-symlinks-flag Completed in 0ms
502 silly placeDep ROOT thenify@3.3.1 OK for: thenify-all@1.6.0 want: >= 3.1.0 < 4
503 timing idealTree:node_modules/thenify-all Completed in 2ms
504 timing idealTree:node_modules/thenify Completed in 0ms
505 silly placeDep ROOT is-number@7.0.0 OK for: to-regex-range@5.0.1 want: ^7.0.0
506 timing idealTree:node_modules/to-regex-range Completed in 1ms
507 timing idealTree:node_modules/is-number Completed in 0ms
508 timing idealTree:node_modules/ts-interface-checker Completed in 0ms
509 silly placeDep ROOT escalade@3.1.1 OK for: update-browserslist-db@1.0.13 want: ^3.1.1
510 timing idealTree:node_modules/update-browserslist-db Completed in 1ms
511 timing idealTree:node_modules/escalade Completed in 0ms
512 timing idealTree:node_modules/util-deprecate Completed in 0ms
513 silly placeDep ROOT esbuild@0.18.20 OK for: vite@4.4.9 want: ^0.18.10
514 silly fetch manifest @esbuild/android-arm@0.18.20
515 silly fetch manifest @esbuild/android-arm64@0.18.20
516 silly fetch manifest @esbuild/android-x64@0.18.20
517 silly fetch manifest @esbuild/darwin-arm64@0.18.20
518 silly fetch manifest @esbuild/darwin-x64@0.18.20
519 silly fetch manifest @esbuild/freebsd-arm64@0.18.20
520 silly fetch manifest @esbuild/freebsd-x64@0.18.20
521 silly fetch manifest @esbuild/linux-arm@0.18.20
522 silly fetch manifest @esbuild/linux-arm64@0.18.20
523 silly fetch manifest @esbuild/linux-ia32@0.18.20
524 silly fetch manifest @esbuild/linux-loong64@0.18.20
525 silly fetch manifest @esbuild/linux-mips64el@0.18.20
526 silly fetch manifest @esbuild/linux-ppc64@0.18.20
527 silly fetch manifest @esbuild/linux-riscv64@0.18.20
528 silly fetch manifest @esbuild/linux-s390x@0.18.20
529 silly fetch manifest @esbuild/linux-x64@0.18.20
530 silly fetch manifest @esbuild/netbsd-x64@0.18.20
531 silly fetch manifest @esbuild/openbsd-x64@0.18.20
532 silly fetch manifest @esbuild/sunos-x64@0.18.20
533 silly fetch manifest @esbuild/win32-arm64@0.18.20
534 silly fetch manifest @esbuild/win32-ia32@0.18.20
535 silly fetch manifest @esbuild/win32-x64@0.18.20
536 silly placeDep ROOT rollup@3.29.4 OK for: vite@4.4.9 want: ^3.27.1
537 http fetch GET 200 https://registry.npmjs.org/@esbuild%2fdarwin-x64 190ms (cache miss)
538 http fetch GET 200 https://registry.npmjs.org/@esbuild%2ffreebsd-x64 190ms (cache miss)
539 http fetch GET 200 https://registry.npmjs.org/@esbuild%2fandroid-arm64 199ms (cache miss)
540 http fetch GET 200 https://registry.npmjs.org/@esbuild%2flinux-ppc64 186ms (cache miss)
541 http fetch GET 200 https://registry.npmjs.org/@esbuild%2flinux-arm 196ms (cache miss)
542 http fetch GET 200 https://registry.npmjs.org/@esbuild%2fandroid-arm 213ms (cache miss)
543 http fetch GET 200 https://registry.npmjs.org/@esbuild%2fandroid-x64 207ms (cache miss)
544 http fetch GET 200 https://registry.npmjs.org/@esbuild%2flinux-mips64el 197ms (cache miss)
545 http fetch GET 200 https://registry.npmjs.org/@esbuild%2fopenbsd-x64 192ms (cache miss)
546 http fetch GET 200 https://registry.npmjs.org/@esbuild%2fsunos-x64 189ms (cache miss)
547 http fetch GET 200 https://registry.npmjs.org/@esbuild%2fwin32-x64 188ms (cache miss)
548 http fetch GET 200 https://registry.npmjs.org/@esbuild%2fdarwin-arm64 214ms (cache miss)
549 http fetch GET 200 https://registry.npmjs.org/@esbuild%2flinux-x64 199ms (cache miss)
550 http fetch GET 200 https://registry.npmjs.org/@esbuild%2flinux-s390x 201ms (cache miss)
551 http fetch GET 200 https://registry.npmjs.org/@esbuild%2flinux-arm64 210ms (cache miss)
552 http fetch GET 200 https://registry.npmjs.org/@esbuild%2fnetbsd-x64 201ms (cache miss)
553 http fetch GET 200 https://registry.npmjs.org/@esbuild%2fwin32-arm64 196ms (cache miss)
554 http fetch GET 200 https://registry.npmjs.org/@esbuild%2flinux-loong64 213ms (cache miss)
555 http fetch GET 200 https://registry.npmjs.org/@esbuild%2flinux-riscv64 211ms (cache miss)
556 http fetch GET 200 https://registry.npmjs.org/@esbuild%2ffreebsd-arm64 243ms (cache miss)
557 http fetch GET 200 https://registry.npmjs.org/@esbuild%2flinux-ia32 251ms (cache miss)
558 http fetch GET 200 https://registry.npmjs.org/@esbuild%2fwin32-ia32 246ms (cache miss)
559 timing idealTree:node_modules/vite Completed in 296ms
560 silly placeDep ROOT @esbuild/android-arm@0.18.20 OK for: esbuild@0.18.20 want: 0.18.20
561 silly placeDep ROOT @esbuild/android-arm64@0.18.20 OK for: esbuild@0.18.20 want: 0.18.20
562 silly placeDep ROOT @esbuild/android-x64@0.18.20 OK for: esbuild@0.18.20 want: 0.18.20
563 silly placeDep ROOT @esbuild/darwin-arm64@0.18.20 OK for: esbuild@0.18.20 want: 0.18.20
564 silly placeDep ROOT @esbuild/darwin-x64@0.18.20 OK for: esbuild@0.18.20 want: 0.18.20
565 silly placeDep ROOT @esbuild/freebsd-arm64@0.18.20 OK for: esbuild@0.18.20 want: 0.18.20
566 silly placeDep ROOT @esbuild/freebsd-x64@0.18.20 OK for: esbuild@0.18.20 want: 0.18.20
567 silly placeDep ROOT @esbuild/linux-arm@0.18.20 OK for: esbuild@0.18.20 want: 0.18.20
568 silly placeDep ROOT @esbuild/linux-arm64@0.18.20 OK for: esbuild@0.18.20 want: 0.18.20
569 silly placeDep ROOT @esbuild/linux-ia32@0.18.20 OK for: esbuild@0.18.20 want: 0.18.20
570 silly placeDep ROOT @esbuild/linux-loong64@0.18.20 OK for: esbuild@0.18.20 want: 0.18.20
571 silly placeDep ROOT @esbuild/linux-mips64el@0.18.20 OK for: esbuild@0.18.20 want: 0.18.20
572 silly placeDep ROOT @esbuild/linux-ppc64@0.18.20 OK for: esbuild@0.18.20 want: 0.18.20
573 silly placeDep ROOT @esbuild/linux-riscv64@0.18.20 OK for: esbuild@0.18.20 want: 0.18.20
574 silly placeDep ROOT @esbuild/linux-s390x@0.18.20 OK for: esbuild@0.18.20 want: 0.18.20
575 silly placeDep ROOT @esbuild/linux-x64@0.18.20 OK for: esbuild@0.18.20 want: 0.18.20
576 silly placeDep ROOT @esbuild/netbsd-x64@0.18.20 OK for: esbuild@0.18.20 want: 0.18.20
577 silly placeDep ROOT @esbuild/openbsd-x64@0.18.20 OK for: esbuild@0.18.20 want: 0.18.20
578 silly placeDep ROOT @esbuild/sunos-x64@0.18.20 OK for: esbuild@0.18.20 want: 0.18.20
579 silly placeDep ROOT @esbuild/win32-arm64@0.18.20 OK for: esbuild@0.18.20 want: 0.18.20
580 silly placeDep ROOT @esbuild/win32-ia32@0.18.20 OK for: esbuild@0.18.20 want: 0.18.20
581 silly placeDep ROOT @esbuild/win32-x64@0.18.20 OK for: esbuild@0.18.20 want: 0.18.20
582 timing idealTree:node_modules/esbuild Completed in 95ms
583 timing idealTree:node_modules/@esbuild/android-arm Completed in 0ms
584 timing idealTree:node_modules/@esbuild/android-arm64 Completed in 0ms
585 timing idealTree:node_modules/@esbuild/android-x64 Completed in 0ms
586 timing idealTree:node_modules/@esbuild/darwin-arm64 Completed in 0ms
587 timing idealTree:node_modules/@esbuild/darwin-x64 Completed in 0ms
588 timing idealTree:node_modules/@esbuild/freebsd-arm64 Completed in 0ms
589 timing idealTree:node_modules/@esbuild/freebsd-x64 Completed in 0ms
590 timing idealTree:node_modules/@esbuild/linux-arm Completed in 0ms
591 timing idealTree:node_modules/@esbuild/linux-arm64 Completed in 0ms
592 timing idealTree:node_modules/@esbuild/linux-ia32 Completed in 0ms
593 timing idealTree:node_modules/@esbuild/linux-loong64 Completed in 0ms
594 timing idealTree:node_modules/@esbuild/linux-mips64el Completed in 0ms
595 timing idealTree:node_modules/@esbuild/linux-ppc64 Completed in 0ms
596 timing idealTree:node_modules/@esbuild/linux-riscv64 Completed in 0ms
597 timing idealTree:node_modules/@esbuild/linux-s390x Completed in 0ms
598 timing idealTree:node_modules/@esbuild/linux-x64 Completed in 0ms
599 timing idealTree:node_modules/@esbuild/netbsd-x64 Completed in 0ms
600 timing idealTree:node_modules/@esbuild/openbsd-x64 Completed in 0ms
601 timing idealTree:node_modules/@esbuild/sunos-x64 Completed in 0ms
602 timing idealTree:node_modules/@esbuild/win32-arm64 Completed in 0ms
603 timing idealTree:node_modules/@esbuild/win32-ia32 Completed in 0ms
604 timing idealTree:node_modules/@esbuild/win32-x64 Completed in 0ms
605 timing idealTree:node_modules/rollup Completed in 0ms
606 timing idealTree:node_modules/vite-plugin-full-reload Completed in 0ms
607 timing idealTree:node_modules/wrappy Completed in 0ms
608 timing idealTree:node_modules/yaml Completed in 0ms
609 timing idealTree:node_modules/chokidar/node_modules/glob-parent Completed in 0ms
610 timing idealTree:node_modules/fast-glob/node_modules/glob-parent Completed in 0ms
611 timing idealTree:buildDeps Completed in 4694ms
612 timing idealTree:fixDepFlags Completed in 4ms
613 timing idealTree Completed in 4721ms
614 timing reify:loadTrees Completed in 4722ms
615 timing reify:diffTrees Completed in 3ms
616 silly reify moves {}
617 timing reify:retireShallow Completed in 1ms
618 timing reify:createSparse Completed in 20ms
619 timing reify:loadBundles Completed in 0ms
620 silly audit bulk request {
620 silly audit   '@tailwindcss/forms': [ '0.5.6' ],
620 silly audit   tailwindcss: [ '3.3.3' ],
620 silly audit   alpinejs: [ '3.13.0' ],
620 silly audit   autoprefixer: [ '10.4.16' ],
620 silly audit   postcss: [ '8.4.30' ],
620 silly audit   axios: [ '1.5.1' ],
620 silly audit   'laravel-vite-plugin': [ '0.7.8' ],
620 silly audit   vite: [ '4.4.9' ],
620 silly audit   lodash: [ '4.17.21' ],
620 silly audit   'mini-svg-data-uri': [ '1.4.4' ],
620 silly audit   '@vue/reactivity': [ '3.1.5' ],
620 silly audit   '@vue/shared': [ '3.1.5' ],
620 silly audit   browserslist: [ '4.22.0' ],
620 silly audit   'caniuse-lite': [ '1.0.30001541' ],
620 silly audit   'fraction.js': [ '4.3.6' ],
620 silly audit   'normalize-range': [ '0.1.2' ],
620 silly audit   picocolors: [ '1.0.0' ],
620 silly audit   'postcss-value-parser': [ '4.2.0' ],
620 silly audit   'follow-redirects': [ '1.15.3' ],
620 silly audit   'form-data': [ '4.0.0' ],
620 silly audit   'proxy-from-env': [ '1.1.0' ],
620 silly audit   'electron-to-chromium': [ '1.4.532' ],
620 silly audit   'node-releases': [ '2.0.13' ],
620 silly audit   'update-browserslist-db': [ '1.0.13' ],
620 silly audit   asynckit: [ '0.4.0' ],
620 silly audit   'combined-stream': [ '1.0.8' ],
620 silly audit   'mime-types': [ '2.1.35' ],
620 silly audit   'delayed-stream': [ '1.0.0' ],
620 silly audit   'vite-plugin-full-reload': [ '1.0.5' ],
620 silly audit   'mime-db': [ '1.52.0' ],
620 silly audit   nanoid: [ '3.3.6' ],
620 silly audit   'source-map-js': [ '1.0.2' ],
620 silly audit   '@alloc/quick-lru': [ '5.2.0' ],
620 silly audit   arg: [ '5.0.2' ],
620 silly audit   chokidar: [ '3.5.3' ],
620 silly audit   didyoumean: [ '1.2.2' ],
620 silly audit   dlv: [ '1.1.3' ],
620 silly audit   'fast-glob': [ '3.3.1' ],
620 silly audit   'glob-parent': [ '6.0.2', '5.1.2' ],
620 silly audit   'is-glob': [ '4.0.3' ],
620 silly audit   jiti: [ '1.20.0' ],
620 silly audit   lilconfig: [ '2.1.0' ],
620 silly audit   micromatch: [ '4.0.5' ],
620 silly audit   'normalize-path': [ '3.0.0' ],
620 silly audit   'object-hash': [ '3.0.0' ],
620 silly audit   'postcss-import': [ '15.1.0' ],
620 silly audit   'postcss-js': [ '4.0.1' ],
620 silly audit   'postcss-load-config': [ '4.0.1' ],
620 silly audit   'postcss-nested': [ '6.0.1' ],
620 silly audit   'postcss-selector-parser': [ '6.0.13' ],
620 silly audit   resolve: [ '1.22.6' ],
620 silly audit   sucrase: [ '3.34.0' ],
620 silly audit   anymatch: [ '3.1.3' ],
620 silly audit   braces: [ '3.0.2' ],
620 silly audit   fsevents: [ '2.3.3' ],
620 silly audit   'is-binary-path': [ '2.1.0' ],
620 silly audit   readdirp: [ '3.6.0' ],
620 silly audit   picomatch: [ '2.3.1' ],
620 silly audit   'fill-range': [ '7.0.1' ],
620 silly audit   '@nodelib/fs.stat': [ '2.0.5' ],
620 silly audit   '@nodelib/fs.walk': [ '1.2.8' ],
620 silly audit   merge2: [ '1.4.1' ],
620 silly audit   '@nodelib/fs.scandir': [ '2.1.5' ],
620 silly audit   fastq: [ '1.15.0' ],
620 silly audit   'run-parallel': [ '1.2.0' ],
620 silly audit   reusify: [ '1.0.4' ],
620 silly audit   'to-regex-range': [ '5.0.1' ],
620 silly audit   'binary-extensions': [ '2.2.0' ],
620 silly audit   'is-extglob': [ '2.1.1' ],
620 silly audit   'read-cache': [ '1.0.0' ],
620 silly audit   'camelcase-css': [ '2.0.1' ],
620 silly audit   yaml: [ '2.3.2' ],
620 silly audit   cssesc: [ '3.0.0' ],
620 silly audit   'util-deprecate': [ '1.0.2' ],
620 silly audit   pify: [ '2.3.0' ],
620 silly audit   'is-core-module': [ '2.13.0' ],
620 silly audit   'path-parse': [ '1.0.7' ],
620 silly audit   'supports-preserve-symlinks-flag': [ '1.0.0' ],
620 silly audit   has: [ '1.0.3' ],
620 silly audit   'function-bind': [ '1.1.1' ],
620 silly audit   'queue-microtask': [ '1.2.3' ],
620 silly audit   '@jridgewell/gen-mapping': [ '0.3.3' ],
620 silly audit   commander: [ '4.1.1' ],
620 silly audit   glob: [ '7.1.6' ],
620 silly audit   'lines-and-columns': [ '1.2.4' ],
620 silly audit   mz: [ '2.7.0' ],
620 silly audit   pirates: [ '4.0.6' ],
620 silly audit   'ts-interface-checker': [ '0.1.13' ],
620 silly audit   '@jridgewell/set-array': [ '1.1.2' ],
620 silly audit   '@jridgewell/sourcemap-codec': [ '1.4.15' ],
620 silly audit   '@jridgewell/trace-mapping': [ '0.3.19' ],
620 silly audit   '@jridgewell/resolve-uri': [ '3.1.1' ],
620 silly audit   'fs.realpath': [ '1.0.0' ],
620 silly audit   inflight: [ '1.0.6' ],
620 silly audit   inherits: [ '2.0.4' ],
620 silly audit   minimatch: [ '3.1.2' ],
620 silly audit   once: [ '1.4.0' ],
620 silly audit   'path-is-absolute': [ '1.0.1' ],
620 silly audit   wrappy: [ '1.0.2' ],
620 silly audit   'brace-expansion': [ '1.1.11' ],
620 silly audit   'balanced-match': [ '1.0.2' ],
620 silly audit   'concat-map': [ '0.0.1' ],
620 silly audit   'any-promise': [ '1.3.0' ],
620 silly audit   'object-assign': [ '4.1.1' ],
620 silly audit   'thenify-all': [ '1.6.0' ],
620 silly audit   thenify: [ '3.3.1' ],
620 silly audit   'is-number': [ '7.0.0' ],
620 silly audit   escalade: [ '3.1.1' ],
620 silly audit   esbuild: [ '0.18.20' ],
620 silly audit   rollup: [ '3.29.4' ],
620 silly audit   '@esbuild/android-arm': [ '0.18.20' ],
620 silly audit   '@esbuild/android-arm64': [ '0.18.20' ],
620 silly audit   '@esbuild/android-x64': [ '0.18.20' ],
620 silly audit   '@esbuild/darwin-arm64': [ '0.18.20' ],
620 silly audit   '@esbuild/darwin-x64': [ '0.18.20' ],
620 silly audit   '@esbuild/freebsd-arm64': [ '0.18.20' ],
620 silly audit   '@esbuild/freebsd-x64': [ '0.18.20' ],
620 silly audit   '@esbuild/linux-arm': [ '0.18.20' ],
620 silly audit   '@esbuild/linux-arm64': [ '0.18.20' ],
620 silly audit   '@esbuild/linux-ia32': [ '0.18.20' ],
620 silly audit   '@esbuild/linux-loong64': [ '0.18.20' ],
620 silly audit   '@esbuild/linux-mips64el': [ '0.18.20' ],
620 silly audit   '@esbuild/linux-ppc64': [ '0.18.20' ],
620 silly audit   '@esbuild/linux-riscv64': [ '0.18.20' ],
620 silly audit   '@esbuild/linux-s390x': [ '0.18.20' ],
620 silly audit   '@esbuild/linux-x64': [ '0.18.20' ],
620 silly audit   '@esbuild/netbsd-x64': [ '0.18.20' ],
620 silly audit   '@esbuild/openbsd-x64': [ '0.18.20' ],
620 silly audit   '@esbuild/sunos-x64': [ '0.18.20' ],
620 silly audit   '@esbuild/win32-arm64': [ '0.18.20' ],
620 silly audit   '@esbuild/win32-ia32': [ '0.18.20' ],
620 silly audit   '@esbuild/win32-x64': [ '0.18.20' ]
620 silly audit }
621 verbose reify failed optional dependency /home/ec2-user/environment/cms/node_modules/@esbuild/win32-x64
622 silly reify mark deleted [ '/home/ec2-user/environment/cms/node_modules/@esbuild/win32-x64' ]
623 verbose reify failed optional dependency /home/ec2-user/environment/cms/node_modules/@esbuild/win32-ia32
624 silly reify mark deleted [ '/home/ec2-user/environment/cms/node_modules/@esbuild/win32-ia32' ]
625 verbose reify failed optional dependency /home/ec2-user/environment/cms/node_modules/@esbuild/win32-arm64
626 silly reify mark deleted [ '/home/ec2-user/environment/cms/node_modules/@esbuild/win32-arm64' ]
627 verbose reify failed optional dependency /home/ec2-user/environment/cms/node_modules/@esbuild/sunos-x64
628 silly reify mark deleted [ '/home/ec2-user/environment/cms/node_modules/@esbuild/sunos-x64' ]
629 verbose reify failed optional dependency /home/ec2-user/environment/cms/node_modules/@esbuild/openbsd-x64
630 silly reify mark deleted [ '/home/ec2-user/environment/cms/node_modules/@esbuild/openbsd-x64' ]
631 verbose reify failed optional dependency /home/ec2-user/environment/cms/node_modules/@esbuild/netbsd-x64
632 silly reify mark deleted [ '/home/ec2-user/environment/cms/node_modules/@esbuild/netbsd-x64' ]
633 verbose reify failed optional dependency /home/ec2-user/environment/cms/node_modules/@esbuild/linux-s390x
634 silly reify mark deleted [ '/home/ec2-user/environment/cms/node_modules/@esbuild/linux-s390x' ]
635 verbose reify failed optional dependency /home/ec2-user/environment/cms/node_modules/@esbuild/linux-riscv64
636 silly reify mark deleted [
636 silly reify   '/home/ec2-user/environment/cms/node_modules/@esbuild/linux-riscv64'
636 silly reify ]
637 verbose reify failed optional dependency /home/ec2-user/environment/cms/node_modules/@esbuild/linux-ppc64
638 silly reify mark deleted [ '/home/ec2-user/environment/cms/node_modules/@esbuild/linux-ppc64' ]
639 verbose reify failed optional dependency /home/ec2-user/environment/cms/node_modules/@esbuild/linux-mips64el
640 silly reify mark deleted [
640 silly reify   '/home/ec2-user/environment/cms/node_modules/@esbuild/linux-mips64el'
640 silly reify ]
641 verbose reify failed optional dependency /home/ec2-user/environment/cms/node_modules/@esbuild/linux-loong64
642 silly reify mark deleted [
642 silly reify   '/home/ec2-user/environment/cms/node_modules/@esbuild/linux-loong64'
642 silly reify ]
643 verbose reify failed optional dependency /home/ec2-user/environment/cms/node_modules/@esbuild/linux-ia32
644 silly reify mark deleted [ '/home/ec2-user/environment/cms/node_modules/@esbuild/linux-ia32' ]
645 verbose reify failed optional dependency /home/ec2-user/environment/cms/node_modules/@esbuild/linux-arm64
646 silly reify mark deleted [ '/home/ec2-user/environment/cms/node_modules/@esbuild/linux-arm64' ]
647 verbose reify failed optional dependency /home/ec2-user/environment/cms/node_modules/@esbuild/linux-arm
648 silly reify mark deleted [ '/home/ec2-user/environment/cms/node_modules/@esbuild/linux-arm' ]
649 verbose reify failed optional dependency /home/ec2-user/environment/cms/node_modules/@esbuild/freebsd-x64
650 silly reify mark deleted [ '/home/ec2-user/environment/cms/node_modules/@esbuild/freebsd-x64' ]
651 verbose reify failed optional dependency /home/ec2-user/environment/cms/node_modules/@esbuild/freebsd-arm64
652 silly reify mark deleted [
652 silly reify   '/home/ec2-user/environment/cms/node_modules/@esbuild/freebsd-arm64'
652 silly reify ]
653 verbose reify failed optional dependency /home/ec2-user/environment/cms/node_modules/@esbuild/darwin-x64
654 silly reify mark deleted [ '/home/ec2-user/environment/cms/node_modules/@esbuild/darwin-x64' ]
655 verbose reify failed optional dependency /home/ec2-user/environment/cms/node_modules/@esbuild/darwin-arm64
656 silly reify mark deleted [ '/home/ec2-user/environment/cms/node_modules/@esbuild/darwin-arm64' ]
657 verbose reify failed optional dependency /home/ec2-user/environment/cms/node_modules/@esbuild/android-x64
658 silly reify mark deleted [ '/home/ec2-user/environment/cms/node_modules/@esbuild/android-x64' ]
659 verbose reify failed optional dependency /home/ec2-user/environment/cms/node_modules/@esbuild/android-arm64
660 silly reify mark deleted [
660 silly reify   '/home/ec2-user/environment/cms/node_modules/@esbuild/android-arm64'
660 silly reify ]
661 verbose reify failed optional dependency /home/ec2-user/environment/cms/node_modules/@esbuild/android-arm
662 silly reify mark deleted [ '/home/ec2-user/environment/cms/node_modules/@esbuild/android-arm' ]
663 verbose reify failed optional dependency /home/ec2-user/environment/cms/node_modules/fsevents
664 silly reify mark deleted [ '/home/ec2-user/environment/cms/node_modules/fsevents' ]
665 timing reifyNode:node_modules/@esbuild/win32-x64 Completed in 63ms
666 timing reifyNode:node_modules/@esbuild/win32-ia32 Completed in 62ms
667 timing reifyNode:node_modules/@esbuild/win32-arm64 Completed in 62ms
668 timing reifyNode:node_modules/@esbuild/sunos-x64 Completed in 62ms
669 timing reifyNode:node_modules/@esbuild/openbsd-x64 Completed in 62ms
670 timing reifyNode:node_modules/@esbuild/netbsd-x64 Completed in 62ms
671 timing reifyNode:node_modules/@esbuild/linux-s390x Completed in 62ms
672 timing reifyNode:node_modules/@esbuild/linux-riscv64 Completed in 65ms
673 timing reifyNode:node_modules/@esbuild/linux-ppc64 Completed in 65ms
674 timing reifyNode:node_modules/@esbuild/linux-mips64el Completed in 65ms
675 timing reifyNode:node_modules/@esbuild/linux-loong64 Completed in 65ms
676 timing reifyNode:node_modules/@esbuild/linux-ia32 Completed in 65ms
677 timing reifyNode:node_modules/@esbuild/linux-arm64 Completed in 65ms
678 timing reifyNode:node_modules/@esbuild/linux-arm Completed in 66ms
679 timing reifyNode:node_modules/@esbuild/freebsd-x64 Completed in 65ms
680 timing reifyNode:node_modules/@esbuild/freebsd-arm64 Completed in 65ms
681 timing reifyNode:node_modules/@esbuild/darwin-x64 Completed in 65ms
682 timing reifyNode:node_modules/@esbuild/darwin-arm64 Completed in 65ms
683 timing reifyNode:node_modules/@esbuild/android-x64 Completed in 65ms
684 timing reifyNode:node_modules/@esbuild/android-arm64 Completed in 65ms
685 timing reifyNode:node_modules/@esbuild/android-arm Completed in 65ms
686 timing reifyNode:node_modules/fsevents Completed in 60ms
687 silly tarball no local data for @esbuild/linux-x64@https://registry.npmjs.org/@esbuild/linux-x64/-/linux-x64-0.18.20.tgz. Extracting by manifest.
688 silly tarball no local data for rollup@https://registry.npmjs.org/rollup/-/rollup-3.29.4.tgz. Extracting by manifest.
689 silly tarball no local data for esbuild@https://registry.npmjs.org/esbuild/-/esbuild-0.18.20.tgz. Extracting by manifest.
690 silly tarball no local data for escalade@https://registry.npmjs.org/escalade/-/escalade-3.1.1.tgz. Extracting by manifest.
691 silly tarball no local data for is-number@https://registry.npmjs.org/is-number/-/is-number-7.0.0.tgz. Extracting by manifest.
692 silly tarball no local data for thenify@https://registry.npmjs.org/thenify/-/thenify-3.3.1.tgz. Extracting by manifest.
693 silly tarball no local data for thenify-all@https://registry.npmjs.org/thenify-all/-/thenify-all-1.6.0.tgz. Extracting by manifest.
694 silly tarball no local data for object-assign@https://registry.npmjs.org/object-assign/-/object-assign-4.1.1.tgz. Extracting by manifest.
695 silly tarball no local data for any-promise@https://registry.npmjs.org/any-promise/-/any-promise-1.3.0.tgz. Extracting by manifest.
696 silly tarball no local data for concat-map@https://registry.npmjs.org/concat-map/-/concat-map-0.0.1.tgz. Extracting by manifest.
697 silly tarball no local data for brace-expansion@https://registry.npmjs.org/brace-expansion/-/brace-expansion-1.1.11.tgz. Extracting by manifest.
698 silly tarball no local data for minimatch@https://registry.npmjs.org/minimatch/-/minimatch-3.1.2.tgz. Extracting by manifest.
699 silly tarball no local data for path-is-absolute@https://registry.npmjs.org/path-is-absolute/-/path-is-absolute-1.0.1.tgz. Extracting by manifest.
700 silly tarball no local data for @jridgewell/resolve-uri@https://registry.npmjs.org/@jridgewell/resolve-uri/-/resolve-uri-3.1.1.tgz. Extracting by manifest.
701 silly tarball no local data for @jridgewell/trace-mapping@https://registry.npmjs.org/@jridgewell/trace-mapping/-/trace-mapping-0.3.19.tgz. Extracting by manifest.
702 silly tarball no local data for @jridgewell/sourcemap-codec@https://registry.npmjs.org/@jridgewell/sourcemap-codec/-/sourcemap-codec-1.4.15.tgz. Extracting by manifest.
703 silly tarball no local data for @jridgewell/set-array@https://registry.npmjs.org/@jridgewell/set-array/-/set-array-1.1.2.tgz. Extracting by manifest.
704 silly tarball no local data for ts-interface-checker@https://registry.npmjs.org/ts-interface-checker/-/ts-interface-checker-0.1.13.tgz. Extracting by manifest.
705 silly tarball no local data for pirates@https://registry.npmjs.org/pirates/-/pirates-4.0.6.tgz. Extracting by manifest.
706 silly tarball no local data for mz@https://registry.npmjs.org/mz/-/mz-2.7.0.tgz. Extracting by manifest.
707 silly tarball no local data for lines-and-columns@https://registry.npmjs.org/lines-and-columns/-/lines-and-columns-1.2.4.tgz. Extracting by manifest.
708 silly tarball no local data for glob@https://registry.npmjs.org/glob/-/glob-7.1.6.tgz. Extracting by manifest.
709 silly tarball no local data for commander@https://registry.npmjs.org/commander/-/commander-4.1.1.tgz. Extracting by manifest.
710 silly tarball no local data for @jridgewell/gen-mapping@https://registry.npmjs.org/@jridgewell/gen-mapping/-/gen-mapping-0.3.3.tgz. Extracting by manifest.
711 silly tarball no local data for queue-microtask@https://registry.npmjs.org/queue-microtask/-/queue-microtask-1.2.3.tgz. Extracting by manifest.
712 silly tarball no local data for function-bind@https://registry.npmjs.org/function-bind/-/function-bind-1.1.1.tgz. Extracting by manifest.
713 silly tarball no local data for has@https://registry.npmjs.org/has/-/has-1.0.3.tgz. Extracting by manifest.
714 silly tarball no local data for supports-preserve-symlinks-flag@https://registry.npmjs.org/supports-preserve-symlinks-flag/-/supports-preserve-symlinks-flag-1.0.0.tgz. Extracting by manifest.
715 silly tarball no local data for path-parse@https://registry.npmjs.org/path-parse/-/path-parse-1.0.7.tgz. Extracting by manifest.
716 silly tarball no local data for is-core-module@https://registry.npmjs.org/is-core-module/-/is-core-module-2.13.0.tgz. Extracting by manifest.
717 silly tarball no local data for pify@https://registry.npmjs.org/pify/-/pify-2.3.0.tgz. Extracting by manifest.
718 silly tarball no local data for util-deprecate@https://registry.npmjs.org/util-deprecate/-/util-deprecate-1.0.2.tgz. Extracting by manifest.
719 silly tarball no local data for cssesc@https://registry.npmjs.org/cssesc/-/cssesc-3.0.0.tgz. Extracting by manifest.
720 silly tarball no local data for yaml@https://registry.npmjs.org/yaml/-/yaml-2.3.2.tgz. Extracting by manifest.
721 silly tarball no local data for camelcase-css@https://registry.npmjs.org/camelcase-css/-/camelcase-css-2.0.1.tgz. Extracting by manifest.
722 silly tarball no local data for read-cache@https://registry.npmjs.org/read-cache/-/read-cache-1.0.0.tgz. Extracting by manifest.
723 silly tarball no local data for is-extglob@https://registry.npmjs.org/is-extglob/-/is-extglob-2.1.1.tgz. Extracting by manifest.
724 silly tarball no local data for binary-extensions@https://registry.npmjs.org/binary-extensions/-/binary-extensions-2.2.0.tgz. Extracting by manifest.
725 silly tarball no local data for to-regex-range@https://registry.npmjs.org/to-regex-range/-/to-regex-range-5.0.1.tgz. Extracting by manifest.
726 silly tarball no local data for reusify@https://registry.npmjs.org/reusify/-/reusify-1.0.4.tgz. Extracting by manifest.
727 silly tarball no local data for run-parallel@https://registry.npmjs.org/run-parallel/-/run-parallel-1.2.0.tgz. Extracting by manifest.
728 silly tarball no local data for fastq@https://registry.npmjs.org/fastq/-/fastq-1.15.0.tgz. Extracting by manifest.
729 silly tarball no local data for @nodelib/fs.scandir@https://registry.npmjs.org/@nodelib/fs.scandir/-/fs.scandir-2.1.5.tgz. Extracting by manifest.
730 silly tarball no local data for merge2@https://registry.npmjs.org/merge2/-/merge2-1.4.1.tgz. Extracting by manifest.
731 silly tarball no local data for @nodelib/fs.walk@https://registry.npmjs.org/@nodelib/fs.walk/-/fs.walk-1.2.8.tgz. Extracting by manifest.
732 silly tarball no local data for @nodelib/fs.stat@https://registry.npmjs.org/@nodelib/fs.stat/-/fs.stat-2.0.5.tgz. Extracting by manifest.
733 silly tarball no local data for picomatch@https://registry.npmjs.org/picomatch/-/picomatch-2.3.1.tgz. Extracting by manifest.
734 silly tarball no local data for readdirp@https://registry.npmjs.org/readdirp/-/readdirp-3.6.0.tgz. Extracting by manifest.
735 silly tarball no local data for is-binary-path@https://registry.npmjs.org/is-binary-path/-/is-binary-path-2.1.0.tgz. Extracting by manifest.
736 silly tarball no local data for braces@https://registry.npmjs.org/braces/-/braces-3.0.2.tgz. Extracting by manifest.
737 silly tarball no local data for anymatch@https://registry.npmjs.org/anymatch/-/anymatch-3.1.3.tgz. Extracting by manifest.
738 silly tarball no local data for sucrase@https://registry.npmjs.org/sucrase/-/sucrase-3.34.0.tgz. Extracting by manifest.
739 silly tarball no local data for fill-range@https://registry.npmjs.org/fill-range/-/fill-range-7.0.1.tgz. Extracting by manifest.
740 silly tarball no local data for resolve@https://registry.npmjs.org/resolve/-/resolve-1.22.6.tgz. Extracting by manifest.
741 silly tarball no local data for postcss-selector-parser@https://registry.npmjs.org/postcss-selector-parser/-/postcss-selector-parser-6.0.13.tgz. Extracting by manifest.
742 silly tarball no local data for postcss-nested@https://registry.npmjs.org/postcss-nested/-/postcss-nested-6.0.1.tgz. Extracting by manifest.
743 silly tarball no local data for postcss-load-config@https://registry.npmjs.org/postcss-load-config/-/postcss-load-config-4.0.1.tgz. Extracting by manifest.
744 silly tarball no local data for postcss-js@https://registry.npmjs.org/postcss-js/-/postcss-js-4.0.1.tgz. Extracting by manifest.
745 silly tarball no local data for postcss-import@https://registry.npmjs.org/postcss-import/-/postcss-import-15.1.0.tgz. Extracting by manifest.
746 silly tarball no local data for object-hash@https://registry.npmjs.org/object-hash/-/object-hash-3.0.0.tgz. Extracting by manifest.
747 silly tarball no local data for normalize-path@https://registry.npmjs.org/normalize-path/-/normalize-path-3.0.0.tgz. Extracting by manifest.
748 silly tarball no local data for micromatch@https://registry.npmjs.org/micromatch/-/micromatch-4.0.5.tgz. Extracting by manifest.
749 silly tarball no local data for lilconfig@https://registry.npmjs.org/lilconfig/-/lilconfig-2.1.0.tgz. Extracting by manifest.
750 silly tarball no local data for jiti@https://registry.npmjs.org/jiti/-/jiti-1.20.0.tgz. Extracting by manifest.
751 silly tarball no local data for is-glob@https://registry.npmjs.org/is-glob/-/is-glob-4.0.3.tgz. Extracting by manifest.
752 silly tarball no local data for glob-parent@https://registry.npmjs.org/glob-parent/-/glob-parent-6.0.2.tgz. Extracting by manifest.
753 silly tarball no local data for fast-glob@https://registry.npmjs.org/fast-glob/-/fast-glob-3.3.1.tgz. Extracting by manifest.
754 silly tarball no local data for dlv@https://registry.npmjs.org/dlv/-/dlv-1.1.3.tgz. Extracting by manifest.
755 silly tarball no local data for didyoumean@https://registry.npmjs.org/didyoumean/-/didyoumean-1.2.2.tgz. Extracting by manifest.
756 silly tarball no local data for chokidar@https://registry.npmjs.org/chokidar/-/chokidar-3.5.3.tgz. Extracting by manifest.
757 silly tarball no local data for arg@https://registry.npmjs.org/arg/-/arg-5.0.2.tgz. Extracting by manifest.
758 silly tarball no local data for @alloc/quick-lru@https://registry.npmjs.org/@alloc/quick-lru/-/quick-lru-5.2.0.tgz. Extracting by manifest.
759 silly tarball no local data for source-map-js@https://registry.npmjs.org/source-map-js/-/source-map-js-1.0.2.tgz. Extracting by manifest.
760 silly tarball no local data for nanoid@https://registry.npmjs.org/nanoid/-/nanoid-3.3.6.tgz. Extracting by manifest.
761 silly tarball no local data for mime-db@https://registry.npmjs.org/mime-db/-/mime-db-1.52.0.tgz. Extracting by manifest.
762 silly tarball no local data for vite-plugin-full-reload@https://registry.npmjs.org/vite-plugin-full-reload/-/vite-plugin-full-reload-1.0.5.tgz. Extracting by manifest.
763 silly tarball no local data for delayed-stream@https://registry.npmjs.org/delayed-stream/-/delayed-stream-1.0.0.tgz. Extracting by manifest.
764 silly tarball no local data for mime-types@https://registry.npmjs.org/mime-types/-/mime-types-2.1.35.tgz. Extracting by manifest.
765 silly tarball no local data for combined-stream@https://registry.npmjs.org/combined-stream/-/combined-stream-1.0.8.tgz. Extracting by manifest.
766 silly tarball no local data for asynckit@https://registry.npmjs.org/asynckit/-/asynckit-0.4.0.tgz. Extracting by manifest.
767 silly tarball no local data for update-browserslist-db@https://registry.npmjs.org/update-browserslist-db/-/update-browserslist-db-1.0.13.tgz. Extracting by manifest.
768 silly tarball no local data for node-releases@https://registry.npmjs.org/node-releases/-/node-releases-2.0.13.tgz. Extracting by manifest.
769 silly tarball no local data for electron-to-chromium@https://registry.npmjs.org/electron-to-chromium/-/electron-to-chromium-1.4.532.tgz. Extracting by manifest.
770 silly tarball no local data for proxy-from-env@https://registry.npmjs.org/proxy-from-env/-/proxy-from-env-1.1.0.tgz. Extracting by manifest.
771 silly tarball no local data for form-data@https://registry.npmjs.org/form-data/-/form-data-4.0.0.tgz. Extracting by manifest.
772 silly tarball no local data for postcss-value-parser@https://registry.npmjs.org/postcss-value-parser/-/postcss-value-parser-4.2.0.tgz. Extracting by manifest.
773 silly tarball no local data for normalize-range@https://registry.npmjs.org/normalize-range/-/normalize-range-0.1.2.tgz. Extracting by manifest.
774 silly tarball no local data for fraction.js@https://registry.npmjs.org/fraction.js/-/fraction.js-4.3.6.tgz. Extracting by manifest.
775 silly tarball no local data for caniuse-lite@https://registry.npmjs.org/caniuse-lite/-/caniuse-lite-1.0.30001541.tgz. Extracting by manifest.
776 silly tarball no local data for browserslist@https://registry.npmjs.org/browserslist/-/browserslist-4.22.0.tgz. Extracting by manifest.
777 silly tarball no local data for @vue/shared@https://registry.npmjs.org/@vue/shared/-/shared-3.1.5.tgz. Extracting by manifest.
778 silly tarball no local data for @vue/reactivity@https://registry.npmjs.org/@vue/reactivity/-/reactivity-3.1.5.tgz. Extracting by manifest.
779 silly tarball no local data for lodash@https://registry.npmjs.org/lodash/-/lodash-4.17.21.tgz. Extracting by manifest.
780 silly tarball no local data for vite@https://registry.npmjs.org/vite/-/vite-4.4.9.tgz. Extracting by manifest.
781 silly tarball no local data for laravel-vite-plugin@https://registry.npmjs.org/laravel-vite-plugin/-/laravel-vite-plugin-0.7.8.tgz. Extracting by manifest.
782 silly tarball no local data for axios@https://registry.npmjs.org/axios/-/axios-1.5.1.tgz. Extracting by manifest.
783 silly tarball no local data for mini-svg-data-uri@https://registry.npmjs.org/mini-svg-data-uri/-/mini-svg-data-uri-1.4.4.tgz. Extracting by manifest.
784 silly tarball no local data for postcss@https://registry.npmjs.org/postcss/-/postcss-8.4.30.tgz. Extracting by manifest.
785 silly tarball no local data for autoprefixer@https://registry.npmjs.org/autoprefixer/-/autoprefixer-10.4.16.tgz. Extracting by manifest.
786 silly tarball no local data for alpinejs@https://registry.npmjs.org/alpinejs/-/alpinejs-3.13.0.tgz. Extracting by manifest.
787 silly tarball no local data for tailwindcss@https://registry.npmjs.org/tailwindcss/-/tailwindcss-3.3.3.tgz. Extracting by manifest.
788 silly tarball no local data for @tailwindcss/forms@https://registry.npmjs.org/@tailwindcss/forms/-/forms-0.5.6.tgz. Extracting by manifest.
789 silly tarball no local data for glob-parent@https://registry.npmjs.org/glob-parent/-/glob-parent-5.1.2.tgz. Extracting by manifest.
790 silly tarball no local data for glob-parent@https://registry.npmjs.org/glob-parent/-/glob-parent-5.1.2.tgz. Extracting by manifest.
791 silly tarball no local data for follow-redirects@https://registry.npmjs.org/follow-redirects/-/follow-redirects-1.15.3.tgz. Extracting by manifest.
792 silly tarball no local data for picocolors@https://registry.npmjs.org/picocolors/-/picocolors-1.0.0.tgz. Extracting by manifest.
793 http fetch POST 200 https://registry.npmjs.org/-/npm/v1/security/advisories/bulk 602ms
794 timing auditReport:getReport Completed in 608ms
795 silly audit report {}
796 timing auditReport:init Completed in 0ms
797 timing reify:audit Completed in 609ms
798 timing reifyNode:node_modules/wrappy Completed in 1165ms
799 timing reifyNode:node_modules/once Completed in 1165ms
800 timing reifyNode:node_modules/inflight Completed in 1165ms
801 timing reifyNode:node_modules/inherits Completed in 1230ms
802 timing reifyNode:node_modules/balanced-match Completed in 1391ms
803 timing reifyNode:node_modules/fs.realpath Completed in 1390ms
804 http fetch GET 200 https://registry.npmjs.org/thenify/-/thenify-3.3.1.tgz 1554ms (cache miss)
805 timing reifyNode:node_modules/thenify Completed in 1670ms
806 http fetch GET 200 https://registry.npmjs.org/concat-map/-/concat-map-0.0.1.tgz 1552ms (cache miss)
807 timing reifyNode:node_modules/concat-map Completed in 1671ms
808 http fetch GET 200 https://registry.npmjs.org/ts-interface-checker/-/ts-interface-checker-0.1.13.tgz 1555ms (cache miss)
809 http fetch GET 200 https://registry.npmjs.org/lines-and-columns/-/lines-and-columns-1.2.4.tgz 1553ms (cache miss)
810 timing reifyNode:node_modules/lines-and-columns Completed in 1693ms
811 http fetch GET 200 https://registry.npmjs.org/glob/-/glob-7.1.6.tgz 1553ms (cache miss)
812 http fetch GET 200 https://registry.npmjs.org/function-bind/-/function-bind-1.1.1.tgz 1545ms (cache miss)
813 http fetch GET 200 https://registry.npmjs.org/escalade/-/escalade-3.1.1.tgz 1598ms (cache miss)
814 timing reifyNode:node_modules/escalade Completed in 1713ms
815 http fetch GET 200 https://registry.npmjs.org/object-assign/-/object-assign-4.1.1.tgz 1596ms (cache miss)
816 timing reifyNode:node_modules/object-assign Completed in 1713ms
817 http fetch GET 200 https://registry.npmjs.org/thenify-all/-/thenify-all-1.6.0.tgz 1597ms (cache miss)
818 timing reifyNode:node_modules/thenify-all Completed in 1713ms
819 http fetch GET 200 https://registry.npmjs.org/any-promise/-/any-promise-1.3.0.tgz 1600ms (cache miss)
820 http fetch GET 200 https://registry.npmjs.org/minimatch/-/minimatch-3.1.2.tgz 1594ms (cache miss)
821 timing reifyNode:node_modules/minimatch Completed in 1720ms
822 http fetch GET 200 https://registry.npmjs.org/path-is-absolute/-/path-is-absolute-1.0.1.tgz 1595ms (cache miss)
823 timing reifyNode:node_modules/path-is-absolute Completed in 1722ms
824 timing reifyNode:node_modules/glob Completed in 1723ms
825 http fetch GET 200 https://registry.npmjs.org/is-core-module/-/is-core-module-2.13.0.tgz 1572ms (cache miss)
826 http fetch GET 200 https://registry.npmjs.org/@jridgewell/gen-mapping/-/gen-mapping-0.3.3.tgz 1584ms (cache miss)
827 http fetch GET 200 https://registry.npmjs.org/@jridgewell/sourcemap-codec/-/sourcemap-codec-1.4.15.tgz 1626ms (cache miss)
828 http fetch GET 200 https://registry.npmjs.org/@jridgewell/set-array/-/set-array-1.1.2.tgz 1625ms (cache miss)
829 timing reifyNode:node_modules/@jridgewell/set-array Completed in 1757ms
830 http fetch GET 200 https://registry.npmjs.org/pirates/-/pirates-4.0.6.tgz 1620ms (cache miss)
831 timing reifyNode:node_modules/pirates Completed in 1760ms
832 http fetch GET 200 https://registry.npmjs.org/mz/-/mz-2.7.0.tgz 1623ms (cache miss)
833 timing reifyNode:node_modules/mz Completed in 1761ms
834 http fetch GET 200 https://registry.npmjs.org/queue-microtask/-/queue-microtask-1.2.3.tgz 1618ms (cache miss)
835 timing reifyNode:node_modules/queue-microtask Completed in 1760ms
836 http fetch GET 200 https://registry.npmjs.org/read-cache/-/read-cache-1.0.0.tgz 1602ms (cache miss)
837 timing reifyNode:node_modules/read-cache Completed in 1762ms
838 http fetch GET 200 https://registry.npmjs.org/is-extglob/-/is-extglob-2.1.1.tgz 1602ms (cache miss)
839 timing reifyNode:node_modules/is-extglob Completed in 1762ms
840 http fetch GET 200 https://registry.npmjs.org/is-number/-/is-number-7.0.0.tgz 1666ms (cache miss)
841 timing reifyNode:node_modules/is-number Completed in 1781ms
842 http fetch GET 200 https://registry.npmjs.org/brace-expansion/-/brace-expansion-1.1.11.tgz 1656ms (cache miss)
843 timing reifyNode:node_modules/brace-expansion Completed in 1781ms
844 http fetch GET 200 https://registry.npmjs.org/@jridgewell/resolve-uri/-/resolve-uri-3.1.1.tgz 1653ms (cache miss)
845 timing reifyNode:node_modules/@jridgewell/resolve-uri Completed in 1781ms
846 http fetch GET 200 https://registry.npmjs.org/commander/-/commander-4.1.1.tgz 1641ms (cache miss)
847 timing reifyNode:node_modules/commander Completed in 1782ms
848 http fetch GET 200 https://registry.npmjs.org/path-parse/-/path-parse-1.0.7.tgz 1631ms (cache miss)
849 timing reifyNode:node_modules/path-parse Completed in 1782ms
850 http fetch GET 200 https://registry.npmjs.org/pify/-/pify-2.3.0.tgz 1630ms (cache miss)
851 timing reifyNode:node_modules/pify Completed in 1782ms
852 http fetch GET 200 https://registry.npmjs.org/cssesc/-/cssesc-3.0.0.tgz 1628ms (cache miss)
853 timing reifyNode:node_modules/cssesc Completed in 1783ms
854 http fetch GET 200 https://registry.npmjs.org/has/-/has-1.0.3.tgz 1635ms (cache miss)
855 timing reifyNode:node_modules/has Completed in 1783ms
856 http fetch GET 200 https://registry.npmjs.org/fill-range/-/fill-range-7.0.1.tgz 1598ms (cache miss)
857 timing reifyNode:node_modules/fill-range Completed in 1784ms
858 http fetch GET 200 https://registry.npmjs.org/merge2/-/merge2-1.4.1.tgz 1614ms (cache miss)
859 timing reifyNode:node_modules/merge2 Completed in 1785ms
860 timing reifyNode:node_modules/function-bind Completed in 1796ms
861 timing reifyNode:node_modules/is-core-module Completed in 1797ms
862 http fetch GET 200 https://registry.npmjs.org/supports-preserve-symlinks-flag/-/supports-preserve-symlinks-flag-1.0.0.tgz 1648ms (cache miss)
863 timing reifyNode:node_modules/supports-preserve-symlinks-flag Completed in 1797ms
864 http fetch GET 200 https://registry.npmjs.org/run-parallel/-/run-parallel-1.2.0.tgz 1633ms (cache miss)
865 timing reifyNode:node_modules/run-parallel Completed in 1797ms
866 http fetch GET 200 https://registry.npmjs.org/fastq/-/fastq-1.15.0.tgz 1628ms (cache miss)
867 http fetch GET 200 https://registry.npmjs.org/binary-extensions/-/binary-extensions-2.2.0.tgz 1636ms (cache miss)
868 timing reifyNode:node_modules/binary-extensions Completed in 1798ms
869 http fetch GET 200 https://registry.npmjs.org/postcss-js/-/postcss-js-4.0.1.tgz 1606ms (cache miss)
870 timing reifyNode:node_modules/postcss-js Completed in 1799ms
871 http fetch GET 200 https://registry.npmjs.org/normalize-path/-/normalize-path-3.0.0.tgz 1604ms (cache miss)
872 timing reifyNode:node_modules/normalize-path Completed in 1799ms
873 http fetch GET 200 https://registry.npmjs.org/lilconfig/-/lilconfig-2.1.0.tgz 1602ms (cache miss)
874 timing reifyNode:node_modules/lilconfig Completed in 1804ms
875 http fetch GET 200 https://registry.npmjs.org/postcss-nested/-/postcss-nested-6.0.1.tgz 1618ms (cache miss)
876 timing reifyNode:node_modules/postcss-nested Completed in 1806ms
877 http fetch GET 200 https://registry.npmjs.org/esbuild/-/esbuild-0.18.20.tgz 1707ms (cache miss)
878 timing reifyNode:node_modules/@jridgewell/sourcemap-codec Completed in 1818ms
879 timing reifyNode:node_modules/ts-interface-checker Completed in 1818ms
880 http fetch GET 200 https://registry.npmjs.org/util-deprecate/-/util-deprecate-1.0.2.tgz 1665ms (cache miss)
881 timing reifyNode:node_modules/util-deprecate Completed in 1818ms
882 http fetch GET 200 https://registry.npmjs.org/camelcase-css/-/camelcase-css-2.0.1.tgz 1660ms (cache miss)
883 timing reifyNode:node_modules/camelcase-css Completed in 1819ms
884 http fetch GET 200 https://registry.npmjs.org/braces/-/braces-3.0.2.tgz 1635ms (cache miss)
885 http fetch GET 200 https://registry.npmjs.org/anymatch/-/anymatch-3.1.3.tgz 1635ms (cache miss)
886 timing reifyNode:node_modules/anymatch Completed in 1818ms
887 http fetch GET 200 https://registry.npmjs.org/is-binary-path/-/is-binary-path-2.1.0.tgz 1641ms (cache miss)
888 timing reifyNode:node_modules/is-binary-path Completed in 1818ms
889 http fetch GET 200 https://registry.npmjs.org/@nodelib/fs.scandir/-/fs.scandir-2.1.5.tgz 1650ms (cache miss)
890 http fetch GET 200 https://registry.npmjs.org/@nodelib/fs.walk/-/fs.walk-1.2.8.tgz 1649ms (cache miss)
891 http fetch GET 200 https://registry.npmjs.org/object-hash/-/object-hash-3.0.0.tgz 1626ms (cache miss)
892 timing reifyNode:node_modules/object-hash Completed in 1820ms
893 http fetch GET 200 https://registry.npmjs.org/didyoumean/-/didyoumean-1.2.2.tgz 1614ms (cache miss)
894 timing reifyNode:node_modules/didyoumean Completed in 1817ms
895 http fetch GET 200 https://registry.npmjs.org/arg/-/arg-5.0.2.tgz 1613ms (cache miss)
896 timing reifyNode:node_modules/arg Completed in 1818ms
897 http fetch GET 200 https://registry.npmjs.org/delayed-stream/-/delayed-stream-1.0.0.tgz 1602ms (cache miss)
898 timing reifyNode:node_modules/delayed-stream Completed in 1819ms
899 http fetch GET 200 https://registry.npmjs.org/dlv/-/dlv-1.1.3.tgz 1618ms (cache miss)
900 timing reifyNode:node_modules/dlv Completed in 1820ms
901 timing reifyNode:node_modules/esbuild Completed in 1841ms
902 http fetch GET 200 https://registry.npmjs.org/reusify/-/reusify-1.0.4.tgz 1675ms (cache miss)
903 timing reifyNode:node_modules/reusify Completed in 1838ms
904 http fetch GET 200 https://registry.npmjs.org/to-regex-range/-/to-regex-range-5.0.1.tgz 1677ms (cache miss)
905 timing reifyNode:node_modules/to-regex-range Completed in 1839ms
906 http fetch GET 200 https://registry.npmjs.org/postcss-load-config/-/postcss-load-config-4.0.1.tgz 1653ms (cache miss)
907 timing reifyNode:node_modules/postcss-load-config Completed in 1842ms
908 http fetch GET 200 https://registry.npmjs.org/micromatch/-/micromatch-4.0.5.tgz 1645ms (cache miss)
909 timing reifyNode:node_modules/micromatch Completed in 1841ms
910 http fetch GET 200 https://registry.npmjs.org/update-browserslist-db/-/update-browserslist-db-1.0.13.tgz 1619ms (cache miss)
911 timing reifyNode:node_modules/update-browserslist-db Completed in 1837ms
912 http fetch GET 200 https://registry.npmjs.org/node-releases/-/node-releases-2.0.13.tgz 1614ms (cache miss)
913 http fetch GET 200 https://registry.npmjs.org/proxy-from-env/-/proxy-from-env-1.1.0.tgz 1613ms (cache miss)
914 timing reifyNode:node_modules/proxy-from-env Completed in 1837ms
915 http fetch GET 200 https://registry.npmjs.org/vite-plugin-full-reload/-/vite-plugin-full-reload-1.0.5.tgz 1627ms (cache miss)
916 timing reifyNode:node_modules/vite-plugin-full-reload Completed in 1841ms
917 http fetch GET 200 https://registry.npmjs.org/mime-types/-/mime-types-2.1.35.tgz 1624ms (cache miss)
918 timing reifyNode:node_modules/mime-types Completed in 1839ms
919 http fetch GET 200 https://registry.npmjs.org/readdirp/-/readdirp-3.6.0.tgz 1677ms (cache miss)
920 timing reifyNode:node_modules/readdirp Completed in 1853ms
921 http fetch GET 200 https://registry.npmjs.org/@nodelib/fs.stat/-/fs.stat-2.0.5.tgz 1682ms (cache miss)
922 http fetch GET 200 https://registry.npmjs.org/nanoid/-/nanoid-3.3.6.tgz 1639ms (cache miss)
923 http fetch GET 200 https://registry.npmjs.org/is-glob/-/is-glob-4.0.3.tgz 1657ms (cache miss)
924 timing reifyNode:node_modules/is-glob Completed in 1856ms
925 http fetch GET 200 https://registry.npmjs.org/glob-parent/-/glob-parent-6.0.2.tgz 1653ms (cache miss)
926 timing reifyNode:node_modules/glob-parent Completed in 1857ms
927 timing reifyNode:node_modules/node-releases Completed in 1850ms
928 http fetch GET 200 https://registry.npmjs.org/normalize-range/-/normalize-range-0.1.2.tgz 1624ms (cache miss)
929 timing reifyNode:node_modules/normalize-range Completed in 1851ms
930 timing reifyNode:node_modules/braces Completed in 1866ms
931 http fetch GET 200 https://registry.npmjs.org/picomatch/-/picomatch-2.3.1.tgz 1693ms (cache miss)
932 http fetch GET 200 https://registry.npmjs.org/postcss-import/-/postcss-import-15.1.0.tgz 1673ms (cache miss)
933 timing reifyNode:node_modules/postcss-import Completed in 1867ms
934 http fetch GET 200 https://registry.npmjs.org/form-data/-/form-data-4.0.0.tgz 1636ms (cache miss)
935 timing reifyNode:node_modules/form-data Completed in 1861ms
936 http fetch GET 200 https://registry.npmjs.org/@alloc/quick-lru/-/quick-lru-5.2.0.tgz 1659ms (cache miss)
937 timing reifyNode:node_modules/@alloc/quick-lru Completed in 1866ms
938 http fetch GET 200 https://registry.npmjs.org/glob-parent/-/glob-parent-5.1.2.tgz 1583ms (cache miss)
939 timing reifyNode:node_modules/fast-glob/node_modules/glob-parent Completed in 1871ms
940 http fetch GET 200 https://registry.npmjs.org/postcss-value-parser/-/postcss-value-parser-4.2.0.tgz 1645ms (cache miss)
941 timing reifyNode:node_modules/postcss-value-parser Completed in 1871ms
942 http fetch GET 200 https://registry.npmjs.org/follow-redirects/-/follow-redirects-1.15.3.tgz 1555ms (cache miss)
943 timing reifyNode:node_modules/follow-redirects Completed in 1874ms
944 timing reifyNode:node_modules/picomatch Completed in 1890ms
945 http fetch GET 200 https://registry.npmjs.org/chokidar/-/chokidar-3.5.3.tgz 1682ms (cache miss)
946 http fetch GET 200 https://registry.npmjs.org/combined-stream/-/combined-stream-1.0.8.tgz 1668ms (cache miss)
947 timing reifyNode:node_modules/combined-stream Completed in 1884ms
948 http fetch GET 200 https://registry.npmjs.org/@vue/shared/-/shared-3.1.5.tgz 1652ms (cache miss)
949 timing reifyNode:node_modules/chokidar Completed in 1894ms
950 http fetch GET 200 https://registry.npmjs.org/mime-db/-/mime-db-1.52.0.tgz 1682ms (cache miss)
951 http fetch GET 200 https://registry.npmjs.org/asynckit/-/asynckit-0.4.0.tgz 1676ms (cache miss)
952 http fetch GET 200 https://registry.npmjs.org/browserslist/-/browserslist-4.22.0.tgz 1658ms (cache miss)
953 timing reifyNode:node_modules/browserslist Completed in 1893ms
954 http fetch GET 200 https://registry.npmjs.org/laravel-vite-plugin/-/laravel-vite-plugin-0.7.8.tgz 1655ms (cache miss)
955 http fetch GET 200 https://registry.npmjs.org/mini-svg-data-uri/-/mini-svg-data-uri-1.4.4.tgz 1652ms (cache miss)
956 timing reifyNode:node_modules/mini-svg-data-uri Completed in 1895ms
957 http fetch GET 200 https://registry.npmjs.org/picocolors/-/picocolors-1.0.0.tgz 1565ms (cache miss)
958 timing reifyNode:node_modules/picocolors Completed in 1895ms
959 http fetch GET 200 https://registry.npmjs.org/@tailwindcss/forms/-/forms-0.5.6.tgz 1644ms (cache miss)
960 timing reifyNode:node_modules/@jridgewell/gen-mapping Completed in 1908ms
961 timing reifyNode:node_modules/fastq Completed in 1907ms
962 http fetch GET 200 https://registry.npmjs.org/fraction.js/-/fraction.js-4.3.6.tgz 1675ms (cache miss)
963 timing reifyNode:node_modules/fraction.js Completed in 1903ms
964 http fetch GET 200 https://registry.npmjs.org/glob-parent/-/glob-parent-5.1.2.tgz 1613ms (cache miss)
965 timing reifyNode:node_modules/chokidar/node_modules/glob-parent Completed in 1908ms
966 timing reifyNode:node_modules/laravel-vite-plugin Completed in 1904ms
967 timing reifyNode:node_modules/mime-db Completed in 1913ms
968 timing reifyNode:node_modules/@vue/shared Completed in 1912ms
969 timing reifyNode:node_modules/asynckit Completed in 1925ms
970 timing reifyNode:node_modules/@nodelib/fs.stat Completed in 1940ms
971 http fetch GET 200 https://registry.npmjs.org/@jridgewell/trace-mapping/-/trace-mapping-0.3.19.tgz 1817ms (cache miss)
972 timing reifyNode:node_modules/@jridgewell/trace-mapping Completed in 1972ms
973 http fetch GET 200 https://registry.npmjs.org/@vue/reactivity/-/reactivity-3.1.5.tgz 1727ms (cache miss)
974 http fetch GET 200 https://registry.npmjs.org/source-map-js/-/source-map-js-1.0.2.tgz 1762ms (cache miss)
975 timing reifyNode:node_modules/@tailwindcss/forms Completed in 1966ms
976 timing reifyNode:node_modules/@vue/reactivity Completed in 1972ms
977 timing reifyNode:node_modules/@nodelib/fs.scandir Completed in 1983ms
978 timing reifyNode:node_modules/source-map-js Completed in 1984ms
979 timing reifyNode:node_modules/any-promise Completed in 1995ms
980 timing reifyNode:node_modules/nanoid Completed in 1987ms
981 http fetch GET 200 https://registry.npmjs.org/electron-to-chromium/-/electron-to-chromium-1.4.532.tgz 1764ms (cache miss)
982 timing reifyNode:node_modules/@nodelib/fs.walk Completed in 2007ms
983 timing reifyNode:node_modules/electron-to-chromium Completed in 1998ms
984 http fetch GET 200 https://registry.npmjs.org/postcss-selector-parser/-/postcss-selector-parser-6.0.13.tgz 1915ms (cache miss)
985 timing reifyNode:node_modules/postcss-selector-parser Completed in 2109ms
986 http fetch GET 200 https://registry.npmjs.org/fast-glob/-/fast-glob-3.3.1.tgz 2021ms (cache miss)
987 timing reifyNode:node_modules/fast-glob Completed in 2233ms
988 http fetch GET 200 https://registry.npmjs.org/postcss/-/postcss-8.4.30.tgz 1980ms (cache miss)
989 timing reifyNode:node_modules/postcss Completed in 2241ms
990 http fetch GET 200 https://registry.npmjs.org/autoprefixer/-/autoprefixer-10.4.16.tgz 2161ms (cache miss)
991 timing reifyNode:node_modules/autoprefixer Completed in 2420ms
992 http fetch GET 200 https://registry.npmjs.org/alpinejs/-/alpinejs-3.13.0.tgz 2176ms (cache miss)
993 timing reifyNode:node_modules/alpinejs Completed in 2432ms
994 http fetch GET 200 https://registry.npmjs.org/jiti/-/jiti-1.20.0.tgz 2289ms (cache miss)
995 timing reifyNode:node_modules/jiti Completed in 2503ms
996 http fetch GET 200 https://registry.npmjs.org/rollup/-/rollup-3.29.4.tgz 2705ms (cache miss)
997 timing reifyNode:node_modules/rollup Completed in 2821ms
998 http fetch GET 200 https://registry.npmjs.org/resolve/-/resolve-1.22.6.tgz 2643ms (cache miss)
999 timing reifyNode:node_modules/resolve Completed in 2837ms
1000 http fetch GET 200 https://registry.npmjs.org/axios/-/axios-1.5.1.tgz 2661ms (cache miss)
1001 timing reifyNode:node_modules/axios Completed in 2903ms
1002 http fetch GET 200 https://registry.npmjs.org/vite/-/vite-4.4.9.tgz 2718ms (cache miss)
1003 timing reifyNode:node_modules/vite Completed in 2956ms
1004 http fetch GET 200 https://registry.npmjs.org/sucrase/-/sucrase-3.34.0.tgz 2891ms (cache miss)
1005 timing reifyNode:node_modules/sucrase Completed in 3080ms
1006 http fetch GET 200 https://registry.npmjs.org/yaml/-/yaml-2.3.2.tgz 2955ms (cache miss)
1007 timing reifyNode:node_modules/yaml Completed in 3121ms
1008 http fetch GET 200 https://registry.npmjs.org/@esbuild/linux-x64/-/linux-x64-0.18.20.tgz 3580ms (cache miss)
1009 timing reifyNode:node_modules/@esbuild/linux-x64 Completed in 3689ms
1010 http fetch GET 200 https://registry.npmjs.org/tailwindcss/-/tailwindcss-3.3.3.tgz 3448ms (cache miss)
1011 timing reifyNode:node_modules/tailwindcss Completed in 3698ms
1012 http fetch GET 200 https://registry.npmjs.org/caniuse-lite/-/caniuse-lite-1.0.30001541.tgz 3665ms (cache miss)
1013 timing reifyNode:node_modules/caniuse-lite Completed in 3895ms
1014 http fetch GET 200 https://registry.npmjs.org/lodash/-/lodash-4.17.21.tgz 3687ms (cache miss)
1015 timing reifyNode:node_modules/lodash Completed in 3924ms
1016 timing reify:unpack Completed in 3941ms
1017 timing reify:unretire Completed in 0ms
1018 timing build:queue Completed in 9ms
1019 timing build:link:node_modules/autoprefixer Completed in 9ms
1020 timing build:link:node_modules/jiti Completed in 8ms
1021 timing build:link:node_modules/browserslist Completed in 8ms
1022 timing build:link:node_modules/cssesc Completed in 8ms
1023 timing build:link:node_modules/esbuild Completed in 8ms
1024 timing build:link:node_modules/mini-svg-data-uri Completed in 8ms
1025 timing build:link:node_modules/resolve Completed in 7ms
1026 timing build:link:node_modules/nanoid Completed in 7ms
1027 timing build:link:node_modules/rollup Completed in 7ms
1028 timing build:link:node_modules/vite Completed in 6ms
1029 timing build:link:node_modules/tailwindcss Completed in 7ms
1030 timing build:link:node_modules/sucrase Completed in 7ms
1031 timing build:link:node_modules/update-browserslist-db Completed in 7ms
1032 timing build:link Completed in 10ms
1033 info run esbuild@0.18.20 postinstall node_modules/esbuild node install.js
1034 info run esbuild@0.18.20 postinstall { code: 0, signal: null }
1035 timing build:run:postinstall:node_modules/esbuild Completed in 108ms
1036 timing build:run:postinstall Completed in 108ms
1037 timing build:deps Completed in 127ms
1038 timing build Completed in 127ms
1039 timing reify:build Completed in 128ms
1040 timing reify:trash Completed in 2ms
1041 timing reify:save Completed in 60ms
1042 timing reify Completed in 8946ms
1043 silly ADD
1044 silly ADD
1045 silly ADD
1046 silly ADD
1047 silly ADD
1048 silly ADD
1049 silly ADD node_modules/@esbuild/linux-x64
1050 silly ADD
1051 silly ADD
1052 silly ADD
1053 silly ADD
1054 silly ADD
1055 silly ADD
1056 silly ADD
1057 silly ADD
1058 silly ADD
1059 silly ADD
1060 silly ADD
1061 silly ADD
1062 silly ADD
1063 silly ADD
1064 silly ADD
1065 silly ADD node_modules/rollup
1066 silly ADD node_modules/esbuild
1067 silly ADD node_modules/escalade
1068 silly ADD node_modules/is-number
1069 silly ADD node_modules/thenify
1070 silly ADD node_modules/thenify-all
1071 silly ADD node_modules/object-assign
1072 silly ADD node_modules/any-promise
1073 silly ADD node_modules/concat-map
1074 silly ADD node_modules/balanced-match
1075 silly ADD node_modules/brace-expansion
1076 silly ADD node_modules/wrappy
1077 silly ADD node_modules/path-is-absolute
1078 silly ADD node_modules/once
1079 silly ADD node_modules/minimatch
1080 silly ADD node_modules/inherits
1081 silly ADD node_modules/inflight
1082 silly ADD node_modules/fs.realpath
1083 silly ADD node_modules/@jridgewell/resolve-uri
1084 silly ADD node_modules/@jridgewell/trace-mapping
1085 silly ADD node_modules/@jridgewell/sourcemap-codec
1086 silly ADD node_modules/@jridgewell/set-array
1087 silly ADD node_modules/ts-interface-checker
1088 silly ADD node_modules/pirates
1089 silly ADD node_modules/mz
1090 silly ADD node_modules/lines-and-columns
1091 silly ADD node_modules/glob
1092 silly ADD node_modules/commander
1093 silly ADD node_modules/@jridgewell/gen-mapping
1094 silly ADD node_modules/queue-microtask
1095 silly ADD node_modules/function-bind
1096 silly ADD node_modules/has
1097 silly ADD node_modules/supports-preserve-symlinks-flag
1098 silly ADD node_modules/path-parse
1099 silly ADD node_modules/is-core-module
1100 silly ADD node_modules/pify
1101 silly ADD node_modules/util-deprecate
1102 silly ADD node_modules/cssesc
1103 silly ADD node_modules/yaml
1104 silly ADD node_modules/camelcase-css
1105 silly ADD node_modules/read-cache
1106 silly ADD node_modules/is-extglob
1107 silly ADD node_modules/binary-extensions
1108 silly ADD node_modules/to-regex-range
1109 silly ADD node_modules/reusify
1110 silly ADD node_modules/run-parallel
1111 silly ADD node_modules/fastq
1112 silly ADD node_modules/@nodelib/fs.scandir
1113 silly ADD node_modules/merge2
1114 silly ADD node_modules/@nodelib/fs.walk
1115 silly ADD node_modules/@nodelib/fs.stat
1116 silly ADD node_modules/fill-range
1117 silly ADD node_modules/picomatch
1118 silly ADD node_modules/readdirp
1119 silly ADD node_modules/is-binary-path
1120 silly ADD
1121 silly ADD node_modules/braces
1122 silly ADD node_modules/anymatch
1123 silly ADD node_modules/sucrase
1124 silly ADD node_modules/resolve
1125 silly ADD node_modules/postcss-selector-parser
1126 silly ADD node_modules/postcss-nested
1127 silly ADD node_modules/postcss-load-config
1128 silly ADD node_modules/postcss-js
1129 silly ADD node_modules/postcss-import
1130 silly ADD node_modules/object-hash
1131 silly ADD node_modules/normalize-path
1132 silly ADD node_modules/micromatch
1133 silly ADD node_modules/lilconfig
1134 silly ADD node_modules/jiti
1135 silly ADD node_modules/is-glob
1136 silly ADD node_modules/glob-parent
1137 silly ADD node_modules/fast-glob
1138 silly ADD node_modules/fast-glob/node_modules/glob-parent
1139 silly ADD node_modules/dlv
1140 silly ADD node_modules/didyoumean
1141 silly ADD node_modules/chokidar
1142 silly ADD node_modules/chokidar/node_modules/glob-parent
1143 silly ADD node_modules/arg
1144 silly ADD node_modules/@alloc/quick-lru
1145 silly ADD node_modules/source-map-js
1146 silly ADD node_modules/nanoid
1147 silly ADD node_modules/mime-db
1148 silly ADD node_modules/vite-plugin-full-reload
1149 silly ADD node_modules/delayed-stream
1150 silly ADD node_modules/mime-types
1151 silly ADD node_modules/combined-stream
1152 silly ADD node_modules/asynckit
1153 silly ADD node_modules/update-browserslist-db
1154 silly ADD node_modules/node-releases
1155 silly ADD node_modules/electron-to-chromium
1156 silly ADD node_modules/proxy-from-env
1157 silly ADD node_modules/form-data
1158 silly ADD node_modules/follow-redirects
1159 silly ADD node_modules/postcss-value-parser
1160 silly ADD node_modules/picocolors
1161 silly ADD node_modules/normalize-range
1162 silly ADD node_modules/fraction.js
1163 silly ADD node_modules/caniuse-lite
1164 silly ADD node_modules/browserslist
1165 silly ADD node_modules/@vue/shared
1166 silly ADD node_modules/@vue/reactivity
1167 silly ADD node_modules/mini-svg-data-uri
1168 silly ADD node_modules/lodash
1169 silly ADD node_modules/vite
1170 silly ADD node_modules/laravel-vite-plugin
1171 silly ADD node_modules/axios
1172 silly ADD node_modules/postcss
1173 silly ADD node_modules/autoprefixer
1174 silly ADD node_modules/alpinejs
1175 silly ADD node_modules/tailwindcss
1176 silly ADD node_modules/@tailwindcss/forms
1177 timing command:install Completed in 8964ms
1178 notice
1178 notice New [31mmajor[39m version of npm available! [31m9.8.1[39m -> [32m10.1.0[39m
1178 notice Changelog: [36mhttps://github.com/npm/cli/releases/tag/v10.1.0[39m
1178 notice Run [32mnpm install -g npm@10.1.0[39m to update!
1178 notice
1179 verbose exit 0
1180 timing npm Completed in 9929ms
1181 info ok
