0 verbose cli /home/ec2-user/.nvm/versions/node/v16.20.2/bin/node /home/ec2-user/.nvm/versions/node/v16.20.2/bin/npm
1 info using npm@9.8.1
2 info using node@v16.20.2
3 timing npm:load:whichnode Completed in 1ms
4 timing config:load:defaults Completed in 2ms
5 timing config:load:file:/home/ec2-user/.nvm/versions/node/v16.20.2/lib/node_modules/npm/npmrc Completed in 9ms
6 timing config:load:builtin Completed in 9ms
7 timing config:load:cli Completed in 6ms
8 timing config:load:env Completed in 1ms
9 timing config:load:project Completed in 0ms
10 timing config:load:file:/home/ec2-user/.npmrc Completed in 0ms
11 timing config:load:user Completed in 1ms
12 timing config:load:file:/home/ec2-user/.nvm/versions/node/v16.20.2/etc/npmrc Completed in 0ms
13 timing config:load:global Completed in 0ms
14 timing config:load:setEnvs Completed in 1ms
15 timing config:load Completed in 20ms
16 timing npm:load:configload Completed in 20ms
17 timing config:load:flatten Completed in 2ms
18 timing npm:load:mkdirpcache Completed in 0ms
19 timing npm:load:mkdirplogs Completed in 0ms
20 verbose title npm install cdk
21 verbose argv "install" "--global" "cdk"
22 timing npm:load:setTitle Completed in 1ms
23 timing npm:load:display Completed in 1ms
24 verbose logfile logs-max:10 dir:/home/ec2-user/.npm/_logs/2023-09-21T10_21_58_817Z-
25 verbose logfile /home/ec2-user/.npm/_logs/2023-09-21T10_21_58_817Z-debug-0.log
26 timing npm:load:logFile Completed in 8ms
27 timing npm:load:timers Completed in 0ms
28 timing npm:load:configScope Completed in 0ms
29 timing npm:load Completed in 48ms
30 timing config:load:flatten Completed in 1ms
31 timing arborist:ctor Completed in 0ms
32 silly logfile done cleaning log files
33 timing idealTree:init Completed in 7ms
34 timing idealTree:userRequests Completed in 4ms
35 silly idealTree buildDeps
36 silly fetch manifest cdk@*
37 http fetch GET 200 https://registry.npmjs.org/cdk 146ms (cache miss)
38 silly placeDep ROOT cdk@2.96.2 OK for:  want: *
39 silly fetch manifest aws-cdk@2.96.2
40 http fetch GET 200 https://registry.npmjs.org/aws-cdk 41ms (cache miss)
41 timing idealTree:#root Completed in 208ms
42 silly placeDep node_modules/cdk aws-cdk@2.96.2 OK for: cdk@2.96.2 want: 2.96.2
43 silly fetch manifest fsevents@2.3.2
44 http fetch GET 200 https://registry.npmjs.org/fsevents 32ms (cache miss)
45 timing idealTree:node_modules/cdk Completed in 36ms
46 silly placeDep node_modules/cdk fsevents@2.3.2 OK for: aws-cdk@2.96.2 want: 2.3.2
47 timing idealTree:node_modules/cdk/node_modules/aws-cdk Completed in 1ms
48 timing idealTree:node_modules/cdk/node_modules/fsevents Completed in 0ms
49 timing idealTree:buildDeps Completed in 247ms
50 timing idealTree:fixDepFlags Completed in 0ms
51 timing idealTree Completed in 259ms
52 timing reify:loadTrees Completed in 261ms
53 timing reify:diffTrees Completed in 1ms
54 silly reify moves {}
55 timing reify:retireShallow Completed in 1ms
56 timing reify:createSparse Completed in 1ms
57 timing reify:loadBundles Completed in 0ms
58 verbose reify failed optional dependency /home/ec2-user/.nvm/versions/node/v16.20.2/lib/node_modules/cdk/node_modules/fsevents
59 silly reify mark deleted [
59 silly reify   '/home/ec2-user/.nvm/versions/node/v16.20.2/lib/node_modules/cdk/node_modules/fsevents'
59 silly reify ]
60 timing reifyNode:node_modules/cdk/node_modules/fsevents Completed in 2ms
61 silly tarball no local data for cdk@https://registry.npmjs.org/cdk/-/cdk-2.96.2.tgz. Extracting by manifest.
62 silly tarball no local data for aws-cdk@https://registry.npmjs.org/aws-cdk/-/aws-cdk-2.96.2.tgz. Extracting by manifest.
63 http fetch GET 200 https://registry.npmjs.org/cdk/-/cdk-2.96.2.tgz 48ms (cache miss)
64 timing reifyNode:node_modules/cdk Completed in 56ms
65 http fetch GET 200 https://registry.npmjs.org/aws-cdk/-/aws-cdk-2.96.2.tgz 948ms (cache miss)
66 timing reifyNode:node_modules/cdk/node_modules/aws-cdk Completed in 956ms
67 timing reify:unpack Completed in 958ms
68 timing reify:unretire Completed in 0ms
69 timing build:queue Completed in 1ms
70 timing build:link:node_modules/cdk Completed in 2ms
71 timing build:link:node_modules/cdk/node_modules/aws-cdk Completed in 2ms
72 timing build:link Completed in 3ms
73 timing build:deps Completed in 4ms
74 timing build Completed in 4ms
75 timing reify:build Completed in 4ms
76 timing reify:trash Completed in 0ms
77 timing reify Completed in 1234ms
78 silly ADD node_modules/cdk
79 silly ADD
80 silly ADD node_modules/cdk/node_modules/aws-cdk
81 timing command:install Completed in 1239ms
82 verbose exit 0
83 timing npm Completed in 1461ms
84 info ok
