0 verbose cli /home/ec2-user/.nvm/versions/node/v16.20.2/bin/node /home/ec2-user/.nvm/versions/node/v16.20.2/bin/npm
1 info using npm@8.19.4
2 info using node@v16.20.2
3 timing npm:load:whichnode Completed in 0ms
4 timing config:load:defaults Completed in 1ms
5 timing config:load:file:/home/ec2-user/.nvm/versions/node/v16.20.2/lib/node_modules/npm/npmrc Completed in 1ms
6 timing config:load:builtin Completed in 1ms
7 timing config:load:cli Completed in 13ms
8 timing config:load:env Completed in 0ms
9 timing config:load:project Completed in 5ms
10 timing config:load:file:/home/ec2-user/.npmrc Completed in 0ms
11 timing config:load:user Completed in 0ms
12 timing config:load:file:/home/ec2-user/.nvm/versions/node/v16.20.2/etc/npmrc Completed in 0ms
13 timing config:load:global Completed in 1ms
14 timing config:load:validate Completed in 0ms
15 timing config:load:credentials Completed in 1ms
16 timing config:load:setEnvs Completed in 0ms
17 timing config:load Completed in 22ms
18 timing npm:load:configload Completed in 22ms
19 timing npm:load:mkdirpcache Completed in 1ms
20 timing npm:load:mkdirplogs Completed in 0ms
21 verbose title npm install npm@9
22 verbose argv "install" "--global" "npm@9"
23 timing npm:load:setTitle Completed in 1ms
24 timing config:load:flatten Completed in 2ms
25 timing npm:load:display Completed in 3ms
26 verbose logfile logs-max:10 dir:/home/ec2-user/.npm/_logs
27 verbose logfile /home/ec2-user/.npm/_logs/2023-09-21T10_06_13_401Z-debug-0.log
28 timing npm:load:logFile Completed in 4ms
29 timing npm:load:timers Completed in 0ms
30 timing npm:load:configScope Completed in 0ms
31 timing npm:load Completed in 33ms
32 silly logfile done cleaning log files
33 http fetch GET 200 https://registry.npmjs.org/npm 141ms (cache miss)
34 timing arborist:ctor Completed in 1ms
35 timing idealTree:init Completed in 5ms
36 timing idealTree:userRequests Completed in 1ms
37 silly idealTree buildDeps
38 silly fetch manifest npm@9
39 http fetch GET 200 https://registry.npmjs.org/npm 13ms (cache hit)
40 silly placeDep ROOT npm@9.8.1 OK for:  want: 9
41 timing idealTree:#root Completed in 56ms
42 timing idealTree:node_modules/npm Completed in 1ms
43 timing idealTree:buildDeps Completed in 58ms
44 timing idealTree:fixDepFlags Completed in 0ms
45 timing idealTree Completed in 65ms
46 timing reify:loadTrees Completed in 263ms
47 timing reify:diffTrees Completed in 4ms
48 silly reify mark retired [
48 silly reify   '/home/ec2-user/.nvm/versions/node/v16.20.2/lib/node_modules/npm',
48 silly reify   '/home/ec2-user/.nvm/versions/node/v16.20.2/bin/npm',
48 silly reify   '/home/ec2-user/.nvm/versions/node/v16.20.2/bin/npx'
48 silly reify ]
49 silly reify moves {
49 silly reify   '/home/ec2-user/.nvm/versions/node/v16.20.2/lib/node_modules/npm': '/home/ec2-user/.nvm/versions/node/v16.20.2/lib/node_modules/.npm-HYh2FboU',
49 silly reify   '/home/ec2-user/.nvm/versions/node/v16.20.2/bin/npm': '/home/ec2-user/.nvm/versions/node/v16.20.2/bin/.npm-gI0USEqR',
49 silly reify   '/home/ec2-user/.nvm/versions/node/v16.20.2/bin/npx': '/home/ec2-user/.nvm/versions/node/v16.20.2/bin/.npx-hIeEklPx'
49 silly reify }
50 timing reify:retireShallow Completed in 4ms
51 timing reify:createSparse Completed in 0ms
52 silly tarball no local data for npm@https://registry.npmjs.org/npm/-/npm-9.8.1.tgz. Extracting by manifest.
53 http fetch GET 200 https://registry.npmjs.org/npm/-/npm-9.8.1.tgz 1180ms (cache miss)
54 timing reifyNode:node_modules/npm Completed in 1187ms
55 timing arborist:ctor Completed in 0ms
56 timing reify:diffTrees Completed in 9ms
57 timing reify:loadBundles Completed in 1538ms
58 silly audit bulk request {
58 silly audit   npm: [ '9.8.1' ],
58 silly audit   abbrev: [ '2.0.0', '1.1.1' ],
58 silly audit   'abort-controller': [ '3.0.0' ],
58 silly audit   'agent-base': [ '6.0.2' ],
58 silly audit   agentkeepalive: [ '4.3.0' ],
58 silly audit   'aggregate-error': [ '3.1.0' ],
58 silly audit   'ansi-regex': [ '5.0.1', '6.0.1' ],
58 silly audit   'ansi-styles': [ '4.3.0', '6.2.1' ],
58 silly audit   aproba: [ '2.0.0' ],
58 silly audit   archy: [ '1.0.0' ],
58 silly audit   'are-we-there-yet': [ '4.0.0', '3.0.1' ],
58 silly audit   'balanced-match': [ '1.0.2' ],
58 silly audit   'base64-js': [ '1.5.1' ],
58 silly audit   'bin-links': [ '4.0.2' ],
58 silly audit   'binary-extensions': [ '2.2.0' ],
58 silly audit   'brace-expansion': [ '2.0.1', '1.1.11' ],
58 silly audit   buffer: [ '6.0.3' ],
58 silly audit   builtins: [ '5.0.1' ],
58 silly audit   cacache: [ '17.1.3' ],
58 silly audit   chalk: [ '5.3.0' ],
58 silly audit   chownr: [ '2.0.0' ],
58 silly audit   'ci-info': [ '3.8.0' ],
58 silly audit   'cidr-regex': [ '3.1.1' ],
58 silly audit   'clean-stack': [ '2.2.0' ],
58 silly audit   'cli-columns': [ '4.0.0' ],
58 silly audit   'cli-table3': [ '0.6.3' ],
58 silly audit   clone: [ '1.0.4' ],
58 silly audit   'cmd-shim': [ '6.0.1' ],
58 silly audit   'color-convert': [ '2.0.1' ],
58 silly audit   'color-name': [ '1.1.4' ],
58 silly audit   'color-support': [ '1.1.3' ],
58 silly audit   columnify: [ '1.6.0' ],
58 silly audit   'common-ancestor-path': [ '1.0.1' ],
58 silly audit   'concat-map': [ '0.0.1' ],
58 silly audit   'console-control-strings': [ '1.1.0' ],
58 silly audit   'cross-spawn': [ '7.0.3' ],
58 silly audit   which: [ '2.0.2', '3.0.1' ],
58 silly audit   cssesc: [ '3.0.0' ],
58 silly audit   debug: [ '4.3.4' ],
58 silly audit   ms: [ '2.1.2', '2.1.3' ],
58 silly audit   defaults: [ '1.0.4' ],
58 silly audit   delegates: [ '1.0.0' ],
58 silly audit   depd: [ '2.0.0' ],
58 silly audit   diff: [ '5.1.0' ],
58 silly audit   eastasianwidth: [ '0.2.0' ],
58 silly audit   'emoji-regex': [ '8.0.0', '9.2.2' ],
58 silly audit   encoding: [ '0.1.13' ],
58 silly audit   'env-paths': [ '2.2.1' ],
58 silly audit   'err-code': [ '2.0.3' ],
58 silly audit   'event-target-shim': [ '5.0.1' ],
58 silly audit   events: [ '3.3.0' ],
58 silly audit   'exponential-backoff': [ '3.1.1' ],
58 silly audit   'fastest-levenshtein': [ '1.0.16' ],
58 silly audit   'foreground-child': [ '3.1.1' ],
58 silly audit   'fs-minipass': [ '3.0.2', '2.1.0' ],
58 silly audit   'fs.realpath': [ '1.0.0' ],
58 silly audit   'function-bind': [ '1.1.1' ],
58 silly audit   gauge: [ '5.0.1', '4.0.4' ],
58 silly audit   glob: [ '10.2.7', '7.2.3' ],
58 silly audit   'graceful-fs': [ '4.2.11' ],
58 silly audit   has: [ '1.0.3' ],
58 silly audit   'has-unicode': [ '2.0.1' ],
58 silly audit   'hosted-git-info': [ '6.1.1' ],
58 silly audit   'http-cache-semantics': [ '4.1.1' ],
58 silly audit   'http-proxy-agent': [ '5.0.0' ],
58 silly audit   'https-proxy-agent': [ '5.0.1' ],
58 silly audit   'humanize-ms': [ '1.2.1' ],
58 silly audit   'iconv-lite': [ '0.6.3' ],
58 silly audit   ieee754: [ '1.2.1' ],
58 silly audit   'ignore-walk': [ '6.0.3' ],
58 silly audit   imurmurhash: [ '0.1.4' ],
58 silly audit   'indent-string': [ '4.0.0' ],
58 silly audit   inflight: [ '1.0.6' ],
58 silly audit   inherits: [ '2.0.4' ],
58 silly audit   ini: [ '4.1.1' ],
58 silly audit   'init-package-json': [ '5.0.0' ],
58 silly audit   ip: [ '2.0.0' ],
58 silly audit   'ip-regex': [ '4.3.0' ],
58 silly audit   'is-cidr': [ '4.0.2' ],
58 silly audit   'is-core-module': [ '2.12.1' ],
58 silly audit   'is-fullwidth-code-point': [ '3.0.0' ],
58 silly audit   'is-lambda': [ '1.0.1' ],
58 silly audit   isexe: [ '2.0.0' ],
58 silly audit   jackspeak: [ '2.2.1' ],
58 silly audit   'json-parse-even-better-errors': [ '3.0.0' ],
58 silly audit   'json-stringify-nice': [ '1.1.4' ],
58 silly audit   jsonparse: [ '1.3.1' ],
58 silly audit   'just-diff': [ '6.0.2' ],
58 silly audit   'just-diff-apply': [ '5.5.0' ],
58 silly audit   libnpmaccess: [ '7.0.2' ],
58 silly audit   libnpmdiff: [ '5.0.19' ],
58 silly audit   libnpmexec: [ '6.0.3' ],
58 silly audit   libnpmfund: [ '4.0.19' ],
58 silly audit   libnpmhook: [ '9.0.3' ],
58 silly audit   libnpmorg: [ '5.0.4' ],
58 silly audit   libnpmpack: [ '5.0.19' ],
58 silly audit   libnpmpublish: [ '7.5.0' ],
58 silly audit   libnpmsearch: [ '6.0.2' ],
58 silly audit   libnpmteam: [ '5.0.3' ],
58 silly audit   libnpmversion: [ '4.0.2' ],
58 silly audit   'lru-cache': [ '7.18.3', '9.1.1', '6.0.0' ],
58 silly audit   'make-fetch-happen': [ '11.1.1' ],
58 silly audit   minimatch: [ '9.0.3', '3.1.2' ],
58 silly audit   minipass: [ '5.0.0', '3.3.6' ],
58 silly audit   'minipass-collect': [ '1.0.2' ],
58 silly audit   'minipass-fetch': [ '3.0.3' ],
58 silly audit   'minipass-flush': [ '1.0.5' ],
58 silly audit   'minipass-json-stream': [ '1.0.1' ],
58 silly audit   'minipass-pipeline': [ '1.2.4' ],
58 silly audit   'minipass-sized': [ '1.0.3' ],
58 silly audit   minizlib: [ '2.1.2' ],
58 silly audit   mkdirp: [ '1.0.4' ],
58 silly audit   'mute-stream': [ '1.0.0' ],
58 silly audit   negotiator: [ '0.6.3' ],
58 silly audit   'node-gyp': [ '9.4.0' ],
58 silly audit   nopt: [ '6.0.0', '7.2.0' ],
58 silly audit   npmlog: [ '6.0.2', '7.0.1' ],
58 silly audit   'readable-stream': [ '3.6.2', '4.4.0' ],
58 silly audit   'signal-exit': [ '3.0.7', '4.0.2' ],
58 silly audit   'normalize-package-data': [ '5.0.0' ],
58 silly audit   'npm-audit-report': [ '5.0.0' ],
58 silly audit   'npm-bundled': [ '3.0.0' ],
58 silly audit   'npm-install-checks': [ '6.1.1' ],
58 silly audit   'npm-normalize-package-bin': [ '3.0.1' ],
58 silly audit   'npm-package-arg': [ '10.1.0' ],
58 silly audit   'npm-packlist': [ '7.0.4' ],
58 silly audit   'npm-pick-manifest': [ '8.0.1' ],
58 silly audit   'npm-profile': [ '7.0.1' ],
58 silly audit   'npm-registry-fetch': [ '14.0.5' ],
58 silly audit   'npm-user-validate': [ '2.0.0' ],
58 silly audit   once: [ '1.4.0' ],
58 silly audit   'p-map': [ '4.0.0' ],
58 silly audit   pacote: [ '15.2.0' ],
58 silly audit   'parse-conflict-json': [ '3.0.1' ],
58 silly audit   'path-is-absolute': [ '1.0.1' ],
58 silly audit   'path-key': [ '3.1.1' ],
58 silly audit   'path-scurry': [ '1.9.2' ],
58 silly audit   'postcss-selector-parser': [ '6.0.13' ],
58 silly audit   'proc-log': [ '3.0.0' ],
58 silly audit   process: [ '0.11.10' ],
58 silly audit   'promise-all-reject-late': [ '1.0.1' ],
58 silly audit   'promise-call-limit': [ '1.0.2' ],
58 silly audit   'promise-inflight': [ '1.0.1' ],
58 silly audit   'promise-retry': [ '2.0.1' ],
58 silly audit   promzard: [ '1.0.0' ],
58 silly audit   'qrcode-terminal': [ '0.12.0' ],
58 silly audit   read: [ '2.1.0' ],
58 silly audit   'read-package-json': [ '6.0.4' ],
58 silly audit   'read-package-json-fast': [ '3.0.2' ],
58 silly audit   'read-cmd-shim': [ '4.0.0' ],
58 silly audit   retry: [ '0.12.0' ],
58 silly audit   rimraf: [ '3.0.2' ],
58 silly audit   'safe-buffer': [ '5.2.1' ],
58 silly audit   'safer-buffer': [ '2.1.2' ],
58 silly audit   semver: [ '7.5.4' ],
58 silly audit   'set-blocking': [ '2.0.0' ],
58 silly audit   'shebang-command': [ '2.0.0' ],
58 silly audit   'shebang-regex': [ '3.0.0' ],
58 silly audit   sigstore: [ '1.7.0' ],
58 silly audit   'smart-buffer': [ '4.2.0' ],
58 silly audit   socks: [ '2.7.1' ],
58 silly audit   'socks-proxy-agent': [ '7.0.0' ],
58 silly audit   'spdx-correct': [ '3.2.0' ],
58 silly audit   'spdx-exceptions': [ '2.3.0' ],
58 silly audit   'spdx-expression-parse': [ '3.0.1' ],
58 silly audit   'spdx-license-ids': [ '3.0.13' ],
58 silly audit   ssri: [ '10.0.4' ],
58 silly audit   'string-width': [ '4.2.3', '5.1.2' ],
58 silly audit   string_decoder: [ '1.3.0' ],
58 silly audit   'strip-ansi': [ '6.0.1', '7.1.0' ],
58 silly audit   'supports-color': [ '9.4.0' ],
58 silly audit   tar: [ '6.1.15' ],
58 silly audit   'text-table': [ '0.2.0' ],
58 silly audit   'tiny-relative-date': [ '1.3.0' ],
58 silly audit   treeverse: [ '3.0.0' ],
58 silly audit   'tuf-js': [ '1.1.7' ],
58 silly audit   'unique-filename': [ '3.0.0' ],
58 silly audit   'unique-slug': [ '4.0.0' ],
58 silly audit   'util-deprecate': [ '1.0.2' ],
58 silly audit   'validate-npm-package-license': [ '3.0.4' ],
58 silly audit   'validate-npm-package-name': [ '5.0.0' ],
58 silly audit   'walk-up-path': [ '3.0.1' ],
58 silly audit   wcwidth: [ '1.0.1' ],
58 silly audit   'wide-align': [ '1.1.5' ],
58 silly audit   'wrap-ansi': [ '8.1.0', '7.0.0' ],
58 silly audit   wrappy: [ '1.0.2' ],
58 silly audit   'write-file-atomic': [ '5.0.1' ],
58 silly audit   yallist: [ '4.0.0' ],
58 silly audit   '@colors/colors': [ '1.5.0' ],
58 silly audit   '@isaacs/cliui': [ '8.0.2' ],
58 silly audit   '@isaacs/string-locale-compare': [ '1.1.0' ],
58 silly audit   '@npmcli/arborist': [ '6.3.0' ],
58 silly audit   '@npmcli/config': [ '6.2.1' ],
58 silly audit   '@npmcli/disparity-colors': [ '3.0.0' ],
58 silly audit   '@npmcli/fs': [ '3.1.0' ],
58 silly audit   '@npmcli/git': [ '4.1.0' ],
58 silly audit   '@npmcli/installed-package-contents': [ '2.0.2' ],
58 silly audit   '@npmcli/map-workspaces': [ '3.0.4' ],
58 silly audit   '@npmcli/metavuln-calculator': [ '5.0.1' ],
58 silly audit   '@npmcli/name-from-folder': [ '2.0.0' ],
58 silly audit   '@npmcli/node-gyp': [ '3.0.0' ],
58 silly audit   '@npmcli/package-json': [ '4.0.1' ],
58 silly audit   '@npmcli/promise-spawn': [ '6.0.2' ],
58 silly audit   '@npmcli/query': [ '3.0.0' ],
58 silly audit   '@npmcli/run-script': [ '6.0.2' ],
58 silly audit   '@pkgjs/parseargs': [ '0.11.0' ],
58 silly audit   '@sigstore/protobuf-specs': [ '0.1.0' ],
58 silly audit   '@sigstore/tuf': [ '1.0.2' ],
58 silly audit   '@tootallnate/once': [ '2.0.0' ],
58 silly audit   '@tufjs/canonical-json': [ '1.0.0' ],
58 silly audit   '@tufjs/models': [ '1.0.4' ]
58 silly audit }
59 timing reify:unpack Completed in 1ms
60 timing reify:unretire Completed in 2ms
61 timing build:queue Completed in 15ms
62 timing build:link:node_modules/npm Completed in 7ms
63 timing build:link:node_modules/npm/node_modules/@npmcli/arborist Completed in 7ms
64 timing build:link:node_modules/npm/node_modules/cross-spawn/node_modules/which Completed in 5ms
65 timing build:link:node_modules/npm/node_modules/node-gyp/node_modules/nopt Completed in 5ms
66 timing build:link:node_modules/npm/node_modules/@npmcli/installed-package-contents Completed in 6ms
67 timing build:link:node_modules/npm/node_modules/color-support Completed in 6ms
68 timing build:link:node_modules/npm/node_modules/cssesc Completed in 6ms
69 timing build:link:node_modules/npm/node_modules/glob Completed in 6ms
70 timing build:link:node_modules/npm/node_modules/mkdirp Completed in 6ms
71 timing build:link:node_modules/npm/node_modules/node-gyp Completed in 7ms
72 timing build:link:node_modules/npm/node_modules/nopt Completed in 7ms
73 timing build:link:node_modules/npm/node_modules/pacote Completed in 7ms
74 timing build:link:node_modules/npm/node_modules/qrcode-terminal Completed in 7ms
75 timing build:link:node_modules/npm/node_modules/rimraf Completed in 6ms
76 timing build:link:node_modules/npm/node_modules/semver Completed in 6ms
77 timing build:link:node_modules/npm/node_modules/sigstore Completed in 6ms
78 timing build:link:node_modules/npm/node_modules/which Completed in 6ms
79 timing build:link:node_modules/npm/node_modules/node-gyp/node_modules/which Completed in 6ms
80 timing build:link Completed in 8ms
81 timing build:deps Completed in 23ms
82 timing build Completed in 23ms
83 timing reify:build Completed in 24ms
84 http fetch POST 200 https://registry.npmjs.org/-/npm/v1/security/advisories/bulk 129ms
85 timing auditReport:getReport Completed in 132ms
86 silly audit report {}
87 timing auditReport:init Completed in 0ms
88 timing reify:audit Completed in 134ms
89 timing reify:trash Completed in 203ms
90 timing reify Completed in 2053ms
91 silly CHANGE node_modules/npm
92 silly CHANGE node_modules/npm/node_modules/npm-audit-report
93 silly CHANGE node_modules/npm/node_modules/fs-minipass
94 silly CHANGE node_modules/npm/node_modules/@npmcli/run-script
95 silly CHANGE node_modules/npm/node_modules/@npmcli/query
96 silly CHANGE node_modules/npm/node_modules/@npmcli/promise-spawn
97 silly CHANGE node_modules/npm/node_modules/@npmcli/package-json
98 silly CHANGE node_modules/npm/node_modules/@npmcli/node-gyp
99 silly CHANGE node_modules/npm/node_modules/@npmcli/name-from-folder
100 silly REMOVE node_modules/npm/node_modules/@npmcli/move-file
101 silly CHANGE node_modules/npm/node_modules/@npmcli/metavuln-calculator
102 silly CHANGE node_modules/npm/node_modules/@npmcli/map-workspaces
103 silly CHANGE node_modules/npm/node_modules/@npmcli/installed-package-contents
104 silly REMOVE node_modules/npm/node_modules/@npmcli/installed-package-contents/node_modules/npm-bundled
105 silly CHANGE node_modules/npm/node_modules/@npmcli/git
106 silly CHANGE node_modules/npm/node_modules/@npmcli/fs
107 silly CHANGE node_modules/npm/node_modules/@npmcli/disparity-colors
108 silly CHANGE node_modules/npm/node_modules/@npmcli/config
109 silly REMOVE node_modules/npm/node_modules/@npmcli/ci-detect
110 silly CHANGE node_modules/npm/node_modules/@npmcli/arborist
111 silly REMOVE node_modules/npm/node_modules/@gar/promisify
112 silly CHANGE node_modules/npm/node_modules/write-file-atomic
113 silly CHANGE node_modules/npm/node_modules/which
114 silly CHANGE node_modules/npm/node_modules/walk-up-path
115 silly CHANGE node_modules/npm/node_modules/validate-npm-package-name
116 silly CHANGE node_modules/npm/node_modules/unique-slug
117 silly CHANGE node_modules/npm/node_modules/unique-filename
118 silly CHANGE node_modules/npm/node_modules/treeverse
119 silly CHANGE node_modules/npm/node_modules/tar
120 silly CHANGE node_modules/npm/node_modules/supports-color
121 silly CHANGE node_modules/npm/node_modules/ssri
122 silly CHANGE node_modules/npm/node_modules/spdx-license-ids
123 silly CHANGE node_modules/npm/node_modules/spdx-correct
124 silly CHANGE node_modules/npm/node_modules/socks
125 silly CHANGE node_modules/npm/node_modules/signal-exit
126 silly CHANGE node_modules/npm/node_modules/semver
127 silly CHANGE node_modules/npm/node_modules/rimraf
128 silly REMOVE node_modules/npm/node_modules/readdir-scoped-modules
129 silly CHANGE node_modules/npm/node_modules/readable-stream
130 silly CHANGE node_modules/npm/node_modules/read-package-json-fast
131 silly CHANGE node_modules/npm/node_modules/read-package-json
132 silly REMOVE node_modules/npm/node_modules/read-package-json/node_modules/npm-normalize-package-bin
133 silly CHANGE node_modules/npm/node_modules/read-cmd-shim
134 silly CHANGE node_modules/npm/node_modules/read
135 silly CHANGE node_modules/npm/node_modules/qrcode-terminal
136 silly CHANGE node_modules/npm/node_modules/promzard
137 silly CHANGE node_modules/npm/node_modules/promise-call-limit
138 silly CHANGE node_modules/npm/node_modules/proc-log
139 silly CHANGE node_modules/npm/node_modules/postcss-selector-parser
140 silly CHANGE node_modules/npm/node_modules/parse-conflict-json
141 silly CHANGE node_modules/npm/node_modules/pacote
142 silly REMOVE node_modules/npm/node_modules/opener
143 silly CHANGE node_modules/npm/node_modules/npmlog
144 silly CHANGE node_modules/npm/node_modules/npm-user-validate
145 silly CHANGE node_modules/npm/node_modules/npm-registry-fetch
146 silly CHANGE node_modules/npm/node_modules/npm-profile
147 silly CHANGE node_modules/npm/node_modules/npm-pick-manifest
148 silly REMOVE node_modules/npm/node_modules/npm-pick-manifest/node_modules/npm-normalize-package-bin
149 silly CHANGE node_modules/npm/node_modules/npm-packlist
150 silly REMOVE node_modules/npm/node_modules/npm-packlist/node_modules/npm-normalize-package-bin
151 silly CHANGE node_modules/npm/node_modules/npm-package-arg
152 silly CHANGE node_modules/npm/node_modules/npm-normalize-package-bin
153 silly CHANGE node_modules/npm/node_modules/npm-install-checks
154 silly CHANGE node_modules/npm/node_modules/npm-bundled
155 silly REMOVE node_modules/npm/node_modules/npm-bundled/node_modules/npm-normalize-package-bin
156 silly CHANGE node_modules/npm/node_modules/normalize-package-data
157 silly CHANGE node_modules/npm/node_modules/nopt
158 silly CHANGE node_modules/npm/node_modules/node-gyp
159 silly CHANGE node_modules/npm/node_modules/node-gyp/node_modules/nopt
160 silly CHANGE node_modules/npm/node_modules/mute-stream
161 silly REMOVE node_modules/npm/node_modules/mkdirp-infer-owner
162 silly CHANGE node_modules/npm/node_modules/mkdirp
163 silly CHANGE node_modules/npm/node_modules/minipass-fetch
164 silly CHANGE node_modules/npm/node_modules/minipass
165 silly CHANGE node_modules/npm/node_modules/minimatch
166 silly CHANGE node_modules/npm/node_modules/make-fetch-happen
167 silly CHANGE node_modules/npm/node_modules/lru-cache
168 silly CHANGE node_modules/npm/node_modules/libnpmversion
169 silly CHANGE node_modules/npm/node_modules/libnpmsearch
170 silly CHANGE node_modules/npm/node_modules/libnpmteam
171 silly CHANGE node_modules/npm/node_modules/libnpmpack
172 silly CHANGE node_modules/npm/node_modules/libnpmpublish
173 silly CHANGE node_modules/npm/node_modules/libnpmorg
174 silly CHANGE node_modules/npm/node_modules/libnpmhook
175 silly CHANGE node_modules/npm/node_modules/libnpmfund
176 silly CHANGE node_modules/npm/node_modules/libnpmexec
177 silly CHANGE node_modules/npm/node_modules/libnpmdiff
178 silly CHANGE node_modules/npm/node_modules/libnpmaccess
179 silly CHANGE node_modules/npm/node_modules/just-diff-apply
180 silly CHANGE node_modules/npm/node_modules/just-diff
181 silly CHANGE node_modules/npm/node_modules/json-parse-even-better-errors
182 silly CHANGE node_modules/npm/node_modules/is-core-module
183 silly CHANGE node_modules/npm/node_modules/init-package-json
184 silly CHANGE node_modules/npm/node_modules/ini
185 silly REMOVE node_modules/npm/node_modules/infer-owner
186 silly CHANGE node_modules/npm/node_modules/ignore-walk
187 silly CHANGE node_modules/npm/node_modules/hosted-git-info
188 silly REMOVE node_modules/npm/node_modules/has-flag
189 silly CHANGE node_modules/npm/node_modules/graceful-fs
190 silly CHANGE node_modules/npm/node_modules/glob
191 silly CHANGE node_modules/npm/node_modules/gauge
192 silly CHANGE node_modules/npm/node_modules/fastest-levenshtein
193 silly REMOVE node_modules/npm/node_modules/dezalgo
194 silly CHANGE node_modules/npm/node_modules/depd
195 silly CHANGE node_modules/npm/node_modules/defaults
196 silly REMOVE node_modules/npm/node_modules/debuglog
197 silly CHANGE node_modules/npm/node_modules/cssesc
198 silly CHANGE node_modules/npm/node_modules/color-support
199 silly CHANGE node_modules/npm/node_modules/cmd-shim
200 silly CHANGE node_modules/npm/node_modules/cli-table3
201 silly CHANGE node_modules/npm/node_modules/chalk
202 silly CHANGE node_modules/npm/node_modules/cacache
203 silly CHANGE node_modules/npm/node_modules/bin-links
204 silly REMOVE node_modules/npm/node_modules/bin-links/node_modules/npm-normalize-package-bin
205 silly REMOVE node_modules/npm/node_modules/asap
206 silly CHANGE node_modules/npm/node_modules/are-we-there-yet
207 silly CHANGE node_modules/npm/node_modules/agentkeepalive
208 silly CHANGE node_modules/npm/node_modules/abbrev
209 timing command:install Completed in 2247ms
210 verbose exit 0
211 timing npm Completed in 2366ms
212 info ok
