0 verbose cli /home/ec2-user/.nvm/versions/node/v16.20.2/bin/node /home/ec2-user/.nvm/versions/node/v16.20.2/bin/npm
1 info using npm@9.8.1
2 info using node@v16.20.2
3 timing npm:load:whichnode Completed in 19ms
4 timing config:load:defaults Completed in 3ms
5 timing config:load:file:/home/ec2-user/.nvm/versions/node/v16.20.2/lib/node_modules/npm/npmrc Completed in 7ms
6 timing config:load:builtin Completed in 7ms
7 timing config:load:cli Completed in 4ms
8 timing config:load:env Completed in 1ms
9 timing config:load:project Completed in 1ms
10 timing config:load:file:/home/ec2-user/.npmrc Completed in 0ms
11 timing config:load:user Completed in 0ms
12 timing config:load:file:/home/ec2-user/.nvm/versions/node/v16.20.2/etc/npmrc Completed in 0ms
13 timing config:load:global Completed in 0ms
14 timing config:load:setEnvs Completed in 1ms
15 timing config:load Completed in 18ms
16 timing npm:load:configload Completed in 18ms
17 timing config:load:flatten Completed in 4ms
18 timing npm:load:mkdirpcache Completed in 0ms
19 timing npm:load:mkdirplogs Completed in 0ms
20 verbose title npm install coffeescript
21 verbose argv "install" "--global" "coffeescript"
22 timing npm:load:setTitle Completed in 1ms
23 timing npm:load:display Completed in 1ms
24 verbose logfile logs-max:10 dir:/home/ec2-user/.npm/_logs/2023-09-21T10_06_35_813Z-
25 verbose logfile /home/ec2-user/.npm/_logs/2023-09-21T10_06_35_813Z-debug-0.log
26 timing npm:load:logFile Completed in 12ms
27 timing npm:load:timers Completed in 0ms
28 timing npm:load:configScope Completed in 0ms
29 timing npm:load Completed in 79ms
30 timing config:load:flatten Completed in 1ms
31 timing arborist:ctor Completed in 1ms
32 silly logfile done cleaning log files
33 timing idealTree:init Completed in 11ms
34 timing idealTree:userRequests Completed in 4ms
35 silly idealTree buildDeps
36 silly fetch manifest coffeescript@*
37 http fetch GET 200 https://registry.npmjs.org/npm 81ms (cache hit)
38 http fetch GET 200 https://registry.npmjs.org/coffeescript 155ms (cache miss)
39 silly placeDep ROOT coffeescript@2.7.0 OK for:  want: *
40 timing idealTree:#root Completed in 168ms
41 timing idealTree:node_modules/coffeescript Completed in 0ms
42 timing idealTree:buildDeps Completed in 171ms
43 timing idealTree:fixDepFlags Completed in 1ms
44 timing idealTree Completed in 188ms
45 timing reify:loadTrees Completed in 196ms
46 timing reify:diffTrees Completed in 1ms
47 silly reify moves {}
48 timing reify:retireShallow Completed in 2ms
49 timing reify:createSparse Completed in 1ms
50 timing reify:loadBundles Completed in 0ms
51 silly tarball no local data for coffeescript@https://registry.npmjs.org/coffeescript/-/coffeescript-2.7.0.tgz. Extracting by manifest.
52 http fetch GET 200 https://registry.npmjs.org/coffeescript/-/coffeescript-2.7.0.tgz 119ms (cache miss)
53 timing reifyNode:node_modules/coffeescript Completed in 129ms
54 timing reify:unpack Completed in 129ms
55 timing reify:unretire Completed in 1ms
56 timing build:queue Completed in 0ms
57 timing build:link:node_modules/coffeescript Completed in 3ms
58 timing build:link Completed in 3ms
59 timing build:deps Completed in 5ms
60 timing build Completed in 5ms
61 timing reify:build Completed in 6ms
62 timing reify:trash Completed in 0ms
63 timing reify Completed in 362ms
64 silly ADD node_modules/coffeescript
65 timing command:install Completed in 369ms
66 notice
66 notice New major version of npm available! 9.8.1 -> 10.1.0
66 notice Changelog: <https://github.com/npm/cli/releases/tag/v10.1.0>
66 notice Run `npm install -g npm@10.1.0` to update!
66 notice
67 verbose exit 0
68 timing npm Completed in 714ms
69 info ok
