0 verbose cli /home/ec2-user/.nvm/versions/node/v16.20.2/bin/node /home/ec2-user/.nvm/versions/node/v16.20.2/bin/npm
1 info using npm@9.8.1
2 info using node@v16.20.2
3 timing npm:load:whichnode Completed in 1ms
4 timing config:load:defaults Completed in 2ms
5 timing config:load:file:/home/ec2-user/.nvm/versions/node/v16.20.2/lib/node_modules/npm/npmrc Completed in 7ms
6 timing config:load:builtin Completed in 7ms
7 timing config:load:cli Completed in 4ms
8 timing config:load:env Completed in 0ms
9 timing config:load:project Completed in 6ms
10 timing config:load:file:/home/ec2-user/.npmrc Completed in 0ms
11 timing config:load:user Completed in 0ms
12 timing config:load:file:/home/ec2-user/.nvm/versions/node/v16.20.2/etc/npmrc Completed in 0ms
13 timing config:load:global Completed in 0ms
14 timing config:load:setEnvs Completed in 1ms
15 timing config:load Completed in 21ms
16 timing npm:load:configload Completed in 21ms
17 timing config:load:flatten Completed in 3ms
18 timing npm:load:mkdirpcache Completed in 0ms
19 timing npm:load:mkdirplogs Completed in 0ms
20 verbose title npm install typescript@3.7.5
21 verbose argv "install" "--global" "typescript@3.7.5"
22 timing npm:load:setTitle Completed in 1ms
23 timing npm:load:display Completed in 1ms
24 verbose logfile logs-max:10 dir:/home/ec2-user/.npm/_logs/2023-09-21T10_06_42_492Z-
25 verbose logfile /home/ec2-user/.npm/_logs/2023-09-21T10_06_42_492Z-debug-0.log
26 timing npm:load:logFile Completed in 9ms
27 timing npm:load:timers Completed in 0ms
28 timing npm:load:configScope Completed in 0ms
29 timing npm:load Completed in 50ms
30 timing config:load:flatten Completed in 1ms
31 timing arborist:ctor Completed in 0ms
32 silly logfile done cleaning log files
33 timing idealTree:init Completed in 7ms
34 timing idealTree:userRequests Completed in 3ms
35 silly idealTree buildDeps
36 silly fetch manifest typescript@3.7.5
37 http fetch GET 200 https://registry.npmjs.org/typescript 180ms (cache miss)
38 silly placeDep ROOT typescript@3.7.5 OK for:  want: 3.7.5
39 timing idealTree:#root Completed in 252ms
40 timing idealTree:node_modules/typescript Completed in 0ms
41 timing idealTree:buildDeps Completed in 253ms
42 timing idealTree:fixDepFlags Completed in 1ms
43 timing idealTree Completed in 265ms
44 timing reify:loadTrees Completed in 274ms
45 timing reify:diffTrees Completed in 1ms
46 silly reify moves {}
47 timing reify:retireShallow Completed in 2ms
48 timing reify:createSparse Completed in 0ms
49 timing reify:loadBundles Completed in 0ms
50 silly tarball no local data for typescript@https://registry.npmjs.org/typescript/-/typescript-3.7.5.tgz. Extracting by manifest.
51 http fetch GET 200 https://registry.npmjs.org/typescript/-/typescript-3.7.5.tgz 561ms (cache miss)
52 timing reifyNode:node_modules/typescript Completed in 568ms
53 timing reify:unpack Completed in 568ms
54 timing reify:unretire Completed in 0ms
55 timing build:queue Completed in 0ms
56 timing build:link:node_modules/typescript Completed in 2ms
57 timing build:link Completed in 2ms
58 timing build:deps Completed in 3ms
59 timing build Completed in 3ms
60 timing reify:build Completed in 3ms
61 timing reify:trash Completed in 0ms
62 timing reify Completed in 857ms
63 silly ADD node_modules/typescript
64 timing command:install Completed in 862ms
65 verbose exit 0
66 timing npm Completed in 1084ms
67 info ok
