0 verbose cli /home/ec2-user/.nvm/versions/node/v16.20.2/bin/node /home/ec2-user/.nvm/versions/node/v16.20.2/bin/npm
1 info using npm@9.8.1
2 info using node@v16.20.2
3 timing npm:load:whichnode Completed in 1ms
4 timing config:load:defaults Completed in 2ms
5 timing config:load:file:/home/ec2-user/.nvm/versions/node/v16.20.2/lib/node_modules/npm/npmrc Completed in 1ms
6 timing config:load:builtin Completed in 1ms
7 timing config:load:cli Completed in 3ms
8 timing config:load:env Completed in 1ms
9 timing config:load:project Completed in 11ms
10 timing config:load:file:/home/ec2-user/.npmrc Completed in 1ms
11 timing config:load:user Completed in 1ms
12 timing config:load:file:/home/ec2-user/.nvm/versions/node/v16.20.2/etc/npmrc Completed in 0ms
13 timing config:load:global Completed in 0ms
14 timing config:load:setEnvs Completed in 1ms
15 timing config:load Completed in 20ms
16 timing npm:load:configload Completed in 20ms
17 timing config:load:flatten Completed in 2ms
18 timing npm:load:mkdirpcache Completed in 0ms
19 timing npm:load:mkdirplogs Completed in 0ms
20 verbose title npm install tmp@0.0.33 node-cleanup@2.1.2
21 verbose argv "install" "tmp@0.0.33" "node-cleanup@2.1.2"
22 timing npm:load:setTitle Completed in 0ms
23 timing npm:load:display Completed in 1ms
24 verbose logfile logs-max:10 dir:/home/ec2-user/.npm/_logs/2023-09-21T10_21_37_657Z-
25 verbose logfile /home/ec2-user/.npm/_logs/2023-09-21T10_21_37_657Z-debug-0.log
26 timing npm:load:logFile Completed in 8ms
27 timing npm:load:timers Completed in 0ms
28 timing npm:load:configScope Completed in 0ms
29 timing npm:load Completed in 48ms
30 timing config:load:flatten Completed in 1ms
31 timing arborist:ctor Completed in 1ms
32 silly logfile done cleaning log files
33 timing arborist:ctor Completed in 0ms
34 timing idealTree:init Completed in 11ms
35 timing idealTree:userRequests Completed in 4ms
36 silly idealTree buildDeps
37 silly fetch manifest tmp@0.0.33
38 http fetch GET 200 https://registry.npmjs.org/tmp 83ms (cache miss)
39 silly fetch manifest node-cleanup@2.1.2
40 http fetch GET 200 https://registry.npmjs.org/node-cleanup 26ms (cache miss)
41 silly placeDep ROOT node-cleanup@2.1.2 OK for:  want: 2.1.2
42 silly placeDep ROOT tmp@0.0.33 OK for:  want: 0.0.33
43 silly fetch manifest os-tmpdir@~1.0.2
44 http fetch GET 200 https://registry.npmjs.org/os-tmpdir 24ms (cache miss)
45 timing idealTree:#root Completed in 146ms
46 timing idealTree:node_modules/node-cleanup Completed in 0ms
47 silly placeDep ROOT os-tmpdir@1.0.2 OK for: tmp@0.0.33 want: ~1.0.2
48 timing idealTree:node_modules/tmp Completed in 2ms
49 timing idealTree:node_modules/os-tmpdir Completed in 0ms
50 timing idealTree:buildDeps Completed in 148ms
51 timing idealTree:fixDepFlags Completed in 1ms
52 timing idealTree Completed in 166ms
53 timing reify:loadTrees Completed in 166ms
54 timing reify:diffTrees Completed in 1ms
55 silly reify moves {}
56 timing reify:retireShallow Completed in 1ms
57 timing reify:createSparse Completed in 1ms
58 timing reify:loadBundles Completed in 0ms
59 silly tarball no local data for os-tmpdir@https://registry.npmjs.org/os-tmpdir/-/os-tmpdir-1.0.2.tgz. Extracting by manifest.
60 silly tarball no local data for tmp@https://registry.npmjs.org/tmp/-/tmp-0.0.33.tgz. Extracting by manifest.
61 silly tarball no local data for node-cleanup@https://registry.npmjs.org/node-cleanup/-/node-cleanup-2.1.2.tgz. Extracting by manifest.
62 http fetch GET 200 https://registry.npmjs.org/os-tmpdir/-/os-tmpdir-1.0.2.tgz 35ms (cache miss)
63 timing reifyNode:node_modules/os-tmpdir Completed in 40ms
64 http fetch GET 200 https://registry.npmjs.org/node-cleanup/-/node-cleanup-2.1.2.tgz 66ms (cache miss)
65 timing reifyNode:node_modules/node-cleanup Completed in 73ms
66 http fetch GET 200 https://registry.npmjs.org/tmp/-/tmp-0.0.33.tgz 67ms (cache miss)
67 timing reifyNode:node_modules/tmp Completed in 74ms
68 timing reify:unpack Completed in 74ms
69 timing reify:unretire Completed in 0ms
70 timing build:queue Completed in 1ms
71 timing build:deps Completed in 1ms
72 timing build Completed in 1ms
73 timing reify:build Completed in 1ms
74 timing reify:trash Completed in 0ms
75 timing reify:save Completed in 5ms
76 timing reify Completed in 259ms
77 silly ADD node_modules/os-tmpdir
78 silly ADD node_modules/tmp
79 silly ADD node_modules/node-cleanup
80 timing command:install Completed in 263ms
81 verbose exit 0
82 timing npm Completed in 485ms
83 info ok
